<?xml version="1.0" encoding="UTF-8"?>
<coverage generated="1777275170212" clover="3.2.0">
  <project timestamp="1777275170212" name="All files">
    <metrics statements="818" coveredstatements="780" conditionals="218" coveredconditionals="180" methods="27" coveredmethods="26" elements="1063" coveredelements="986" complexity="0" loc="818" ncloc="818" packages="1" files="5" classes="5"/>
    <file name="deck.ts" path="/Users/zhashuo/Projects/PokerGame/packages/engine/src/deck.ts">
      <metrics statements="33" coveredstatements="33" conditionals="7" coveredconditionals="7" methods="3" coveredmethods="3"/>
      <line num="1" count="1" type="stmt"/>
      <line num="2" count="1" type="stmt"/>
      <line num="3" count="1" type="stmt"/>
      <line num="4" count="1" type="stmt"/>
      <line num="5" count="1" type="stmt"/>
      <line num="6" count="1" type="stmt"/>
      <line num="7" count="1" type="cond" truecount="1" falsecount="0"/>
      <line num="8" count="23" type="stmt"/>
      <line num="9" count="23" type="cond" truecount="1" falsecount="0"/>
      <line num="10" count="92" type="cond" truecount="1" falsecount="0"/>
      <line num="11" count="1196" type="stmt"/>
      <line num="12" count="1196" type="stmt"/>
      <line num="13" count="92" type="stmt"/>
      <line num="14" count="23" type="stmt"/>
      <line num="15" count="23" type="stmt"/>
      <line num="16" count="1" type="stmt"/>
      <line num="17" count="1" type="cond" truecount="1" falsecount="0"/>
      <line num="18" count="20" type="stmt"/>
      <line num="19" count="20" type="cond" truecount="1" falsecount="0"/>
      <line num="20" count="1020" type="stmt"/>
      <line num="21" count="1020" type="stmt"/>
      <line num="22" count="1020" type="stmt"/>
      <line num="23" count="1020" type="stmt"/>
      <line num="24" count="1020" type="stmt"/>
      <line num="25" count="20" type="stmt"/>
      <line num="26" count="20" type="stmt"/>
      <line num="27" count="1" type="stmt"/>
      <line num="28" count="1" type="cond" truecount="1" falsecount="0"/>
      <line num="29" count="2" type="cond" truecount="1" falsecount="0"/>
      <line num="30" count="61" type="stmt"/>
      <line num="31" count="61" type="stmt"/>
      <line num="32" count="61" type="stmt"/>
      <line num="33" count="2" type="stmt"/>
    </file>
    <file name="evaluator.ts" path="/Users/zhashuo/Projects/PokerGame/packages/engine/src/evaluator.ts">
      <metrics statements="272" coveredstatements="261" conditionals="109" coveredconditionals="92" methods="8" coveredmethods="8"/>
      <line num="1" count="1" type="stmt"/>
      <line num="2" count="1" type="stmt"/>
      <line num="3" count="1" type="stmt"/>
      <line num="4" count="1" type="stmt"/>
      <line num="5" count="1" type="stmt"/>
      <line num="6" count="1" type="stmt"/>
      <line num="7" count="1" type="stmt"/>
      <line num="8" count="1" type="stmt"/>
      <line num="9" count="1" type="stmt"/>
      <line num="10" count="1" type="stmt"/>
      <line num="11" count="1" type="stmt"/>
      <line num="12" count="1" type="stmt"/>
      <line num="13" count="1" type="stmt"/>
      <line num="14" count="1" type="stmt"/>
      <line num="15" count="1" type="stmt"/>
      <line num="16" count="1" type="stmt"/>
      <line num="17" count="1" type="stmt"/>
      <line num="18" count="1" type="stmt"/>
      <line num="19" count="1" type="stmt"/>
      <line num="20" count="1" type="stmt"/>
      <line num="21" count="1" type="stmt"/>
      <line num="22" count="1" type="stmt"/>
      <line num="23" count="1" type="stmt"/>
      <line num="24" count="1" type="stmt"/>
      <line num="25" count="1" type="stmt"/>
      <line num="26" count="1" type="stmt"/>
      <line num="27" count="1" type="stmt"/>
      <line num="28" count="1" type="stmt"/>
      <line num="29" count="1" type="stmt"/>
      <line num="30" count="1" type="stmt"/>
      <line num="31" count="1" type="stmt"/>
      <line num="32" count="1" type="stmt"/>
      <line num="33" count="1" type="stmt"/>
      <line num="34" count="1" type="stmt"/>
      <line num="35" count="1" type="stmt"/>
      <line num="36" count="1443" type="cond" truecount="1" falsecount="0"/>
      <line num="37" count="1443" type="cond" truecount="2" falsecount="0"/>
      <line num="38" count="1443" type="cond" truecount="2" falsecount="0"/>
      <line num="39" count="715" type="stmt"/>
      <line num="40" count="1443" type="cond" truecount="1" falsecount="1"/>
      <line num="41" count="715" type="cond" truecount="1" falsecount="0"/>
      <line num="42" count="715" type="stmt"/>
      <line num="43" count="715" type="stmt"/>
      <line num="44" count="715" type="stmt"/>
      <line num="45" count="1" type="stmt"/>
      <line num="46" count="290" type="cond" truecount="1" falsecount="0"/>
      <line num="47" count="290" type="cond" truecount="1" falsecount="0"/>
      <line num="48" count="290" type="stmt"/>
      <line num="49" count="290" type="cond" truecount="1" falsecount="0"/>
      <line num="50" count="195" type="stmt"/>
      <line num="51" count="195" type="cond" truecount="0" falsecount="1"/>
      <line num="52" count="195" type="stmt"/>
      <line num="53" count="195" type="cond" truecount="2" falsecount="0"/>
      <line num="54" count="12" type="stmt"/>
      <line num="55" count="12" type="stmt"/>
      <line num="56" count="195" type="cond" truecount="1" falsecount="0"/>
      <line num="57" count="183" type="stmt"/>
      <line num="58" count="183" type="stmt"/>
      <line num="59" count="290" type="cond" truecount="5" falsecount="0"/>
      <line num="60" count="3" type="stmt"/>
      <line num="61" count="3" type="cond" truecount="1" falsecount="0"/>
      <line num="62" count="275" type="stmt"/>
      <line num="63" count="275" type="stmt"/>
      <line num="64" count="275" type="stmt"/>
      <line num="65" count="1" type="stmt"/>
      <line num="66" count="15" type="cond" truecount="1" falsecount="0"/>
      <line num="67" count="15" type="cond" truecount="1" falsecount="0"/>
      <line num="68" count="15" type="cond" truecount="1" falsecount="0"/>
      <line num="69" count="15" type="stmt"/>
      <line num="70" count="15" type="stmt"/>
      <line num="71" count="15" type="stmt"/>
      <line num="72" count="15" type="cond" truecount="0" falsecount="1"/>
      <line num="73" count="15" type="stmt"/>
      <line num="74" count="15" type="cond" truecount="2" falsecount="0"/>
      <line num="75" count="12" type="stmt"/>
      <line num="76" count="12" type="cond" truecount="1" falsecount="0"/>
      <line num="77" count="60" type="cond" truecount="1" falsecount="0"/>
      <line num="78" count="60" type="stmt"/>
      <line num="79" count="60" type="stmt"/>
      <line num="80" count="12" type="stmt"/>
      <line num="81" count="12" type="stmt"/>
      <line num="82" count="15" type="cond" truecount="1" falsecount="0"/>
      <line num="83" count="3" type="stmt"/>
      <line num="84" count="3" type="stmt"/>
      <line num="85" count="3" type="cond" truecount="1" falsecount="0"/>
      <line num="86" count="3" type="cond" truecount="1" falsecount="0"/>
      <line num="87" count="3" type="stmt"/>
      <line num="88" count="3" type="cond" truecount="1" falsecount="0"/>
      <line num="89" count="12" type="cond" truecount="1" falsecount="0"/>
      <line num="90" count="12" type="stmt"/>
      <line num="91" count="12" type="stmt"/>
      <line num="92" count="3" type="cond" truecount="1" falsecount="0"/>
      <line num="93" count="3" type="stmt"/>
      <line num="94" count="3" type="stmt"/>
      <line num="95" count="3" type="cond" truecount="0" falsecount="1"/>
      <line num="96" count="0" type="stmt"/>
      <line num="97" count="0" type="stmt"/>
      <line num="98" count="0" type="stmt"/>
      <line num="99" count="1" type="stmt"/>
      <line num="100" count="290" type="cond" truecount="1" falsecount="0"/>
      <line num="101" count="290" type="stmt"/>
      <line num="102" count="290" type="stmt"/>
      <line num="103" count="1" type="stmt"/>
      <line num="104" count="290" type="cond" truecount="1" falsecount="0"/>
      <line num="105" count="290" type="cond" truecount="2" falsecount="0"/>
      <line num="106" count="290" type="cond" truecount="1" falsecount="0"/>
      <line num="107" count="290" type="stmt"/>
      <line num="108" count="290" type="cond" truecount="1" falsecount="0"/>
      <line num="109" count="290" type="stmt"/>
      <line num="110" count="290" type="stmt"/>
      <line num="111" count="290" type="stmt"/>
      <line num="112" count="290" type="stmt"/>
      <line num="113" count="290" type="cond" truecount="1" falsecount="0"/>
      <line num="114" count="1450" type="cond" truecount="1" falsecount="0"/>
      <line num="115" count="1450" type="stmt"/>
      <line num="116" count="290" type="stmt"/>
      <line num="117" count="290" type="cond" truecount="2" falsecount="0"/>
      <line num="118" count="290" type="stmt"/>
      <line num="119" count="290" type="cond" truecount="2" falsecount="0"/>
      <line num="120" count="8" type="stmt"/>
      <line num="121" count="8" type="cond" truecount="1" falsecount="0"/>
      <line num="122" count="4" type="stmt"/>
      <line num="123" count="4" type="stmt"/>
      <line num="124" count="4" type="stmt"/>
      <line num="125" count="4" type="stmt"/>
      <line num="126" count="4" type="stmt"/>
      <line num="127" count="4" type="stmt"/>
      <line num="128" count="4" type="stmt"/>
      <line num="129" count="4" type="stmt"/>
      <line num="130" count="4" type="stmt"/>
      <line num="131" count="4" type="stmt"/>
      <line num="132" count="4" type="stmt"/>
      <line num="133" count="4" type="stmt"/>
      <line num="134" count="4" type="stmt"/>
      <line num="135" count="4" type="cond" truecount="1" falsecount="0"/>
      <line num="136" count="282" type="stmt"/>
      <line num="137" count="282" type="stmt"/>
      <line num="138" count="282" type="stmt"/>
      <line num="139" count="282" type="stmt"/>
      <line num="140" count="282" type="stmt"/>
      <line num="141" count="282" type="stmt"/>
      <line num="142" count="290" type="cond" truecount="0" falsecount="1"/>
      <line num="143" count="0" type="stmt"/>
      <line num="144" count="0" type="stmt"/>
      <line num="145" count="0" type="stmt"/>
      <line num="146" count="0" type="stmt"/>
      <line num="147" count="0" type="stmt"/>
      <line num="148" count="0" type="stmt"/>
      <line num="149" count="0" type="stmt"/>
      <line num="150" count="0" type="cond" truecount="1" falsecount="0"/>
      <line num="151" count="282" type="stmt"/>
      <line num="152" count="290" type="cond" truecount="1" falsecount="0"/>
      <line num="153" count="4" type="stmt"/>
      <line num="154" count="4" type="cond" truecount="0" falsecount="1"/>
      <line num="155" count="4" type="stmt"/>
      <line num="156" count="4" type="stmt"/>
      <line num="157" count="4" type="stmt"/>
      <line num="158" count="4" type="cond" truecount="1" falsecount="0"/>
      <line num="159" count="16" type="cond" truecount="1" falsecount="1"/>
      <line num="160" count="16" type="cond" truecount="2" falsecount="0"/>
      <line num="161" count="12" type="stmt"/>
      <line num="162" count="4" type="stmt"/>
      <line num="163" count="4" type="stmt"/>
      <line num="164" count="4" type="stmt"/>
      <line num="165" count="4" type="cond" truecount="1" falsecount="0"/>
      <line num="166" count="278" type="stmt"/>
      <line num="167" count="290" type="cond" truecount="3" falsecount="0"/>
      <line num="168" count="2" type="stmt"/>
      <line num="169" count="2" type="stmt"/>
      <line num="170" count="2" type="stmt"/>
      <line num="171" count="2" type="stmt"/>
      <line num="172" count="2" type="stmt"/>
      <line num="173" count="2" type="stmt"/>
      <line num="174" count="2" type="cond" truecount="1" falsecount="0"/>
      <line num="175" count="276" type="stmt"/>
      <line num="176" count="290" type="cond" truecount="1" falsecount="0"/>
      <line num="177" count="1" type="cond" truecount="1" falsecount="0"/>
      <line num="178" count="1" type="stmt"/>
      <line num="179" count="1" type="stmt"/>
      <line num="180" count="1" type="cond" truecount="1" falsecount="0"/>
      <line num="181" count="1" type="stmt"/>
      <line num="182" count="1" type="stmt"/>
      <line num="183" count="1" type="stmt"/>
      <line num="184" count="1" type="cond" truecount="1" falsecount="0"/>
      <line num="185" count="275" type="stmt"/>
      <line num="186" count="290" type="cond" truecount="1" falsecount="0"/>
      <line num="187" count="7" type="stmt"/>
      <line num="188" count="7" type="stmt"/>
      <line num="189" count="7" type="stmt"/>
      <line num="190" count="7" type="stmt"/>
      <line num="191" count="7" type="stmt"/>
      <line num="192" count="7" type="stmt"/>
      <line num="193" count="7" type="stmt"/>
      <line num="194" count="7" type="cond" truecount="1" falsecount="0"/>
      <line num="195" count="268" type="stmt"/>
      <line num="196" count="290" type="cond" truecount="1" falsecount="0"/>
      <line num="197" count="25" type="stmt"/>
      <line num="198" count="25" type="cond" truecount="1" falsecount="2"/>
      <line num="199" count="25" type="stmt"/>
      <line num="200" count="25" type="stmt"/>
      <line num="201" count="25" type="stmt"/>
      <line num="202" count="25" type="stmt"/>
      <line num="203" count="25" type="stmt"/>
      <line num="204" count="25" type="stmt"/>
      <line num="205" count="25" type="cond" truecount="1" falsecount="0"/>
      <line num="206" count="243" type="stmt"/>
      <line num="207" count="290" type="cond" truecount="3" falsecount="0"/>
      <line num="208" count="11" type="stmt"/>
      <line num="209" count="11" type="stmt"/>
      <line num="210" count="11" type="cond" truecount="0" falsecount="1"/>
      <line num="211" count="11" type="stmt"/>
      <line num="212" count="11" type="stmt"/>
      <line num="213" count="11" type="stmt"/>
      <line num="214" count="11" type="stmt"/>
      <line num="215" count="11" type="stmt"/>
      <line num="216" count="11" type="stmt"/>
      <line num="217" count="11" type="cond" truecount="1" falsecount="0"/>
      <line num="218" count="232" type="stmt"/>
      <line num="219" count="290" type="cond" truecount="1" falsecount="0"/>
      <line num="220" count="53" type="stmt"/>
      <line num="221" count="53" type="cond" truecount="1" falsecount="3"/>
      <line num="222" count="53" type="stmt"/>
      <line num="223" count="53" type="stmt"/>
      <line num="224" count="53" type="stmt"/>
      <line num="225" count="53" type="stmt"/>
      <line num="226" count="53" type="stmt"/>
      <line num="227" count="53" type="stmt"/>
      <line num="228" count="53" type="cond" truecount="1" falsecount="0"/>
      <line num="229" count="179" type="stmt"/>
      <line num="230" count="179" type="cond" truecount="1" falsecount="0"/>
      <line num="231" count="179" type="stmt"/>
      <line num="232" count="179" type="stmt"/>
      <line num="233" count="179" type="cond" truecount="1" falsecount="0"/>
      <line num="234" count="179" type="stmt"/>
      <line num="235" count="290" type="cond" truecount="0" falsecount="1"/>
      <line num="236" count="290" type="stmt"/>
      <line num="237" count="290" type="stmt"/>
      <line num="238" count="1" type="stmt"/>
      <line num="239" count="1" type="cond" truecount="1" falsecount="0"/>
      <line num="240" count="30" type="cond" truecount="0" falsecount="1"/>
      <line num="241" count="30" type="stmt"/>
      <line num="242" count="30" type="cond" truecount="2" falsecount="0"/>
      <line num="243" count="30" type="stmt"/>
      <line num="244" count="30" type="stmt"/>
      <line num="245" count="30" type="cond" truecount="1" falsecount="0"/>
      <line num="246" count="290" type="stmt"/>
      <line num="247" count="290" type="cond" truecount="2" falsecount="0"/>
      <line num="248" count="30" type="stmt"/>
      <line num="249" count="30" type="stmt"/>
      <line num="250" count="290" type="stmt"/>
      <line num="251" count="30" type="stmt"/>
      <line num="252" count="30" type="stmt"/>
      <line num="253" count="30" type="stmt"/>
      <line num="254" count="1" type="stmt"/>
      <line num="255" count="268" type="cond" truecount="1" falsecount="0"/>
      <line num="256" count="268" type="stmt"/>
      <line num="257" count="268" type="stmt"/>
      <line num="258" count="268" type="stmt"/>
      <line num="259" count="268" type="cond" truecount="4" falsecount="0"/>
      <line num="260" count="43" type="stmt"/>
      <line num="261" count="268" type="cond" truecount="1" falsecount="0"/>
      <line num="262" count="106" type="cond" truecount="0" falsecount="1"/>
      <line num="263" count="106" type="cond" truecount="0" falsecount="1"/>
      <line num="264" count="106" type="cond" truecount="3" falsecount="0"/>
      <line num="265" count="106" type="cond" truecount="1" falsecount="0"/>
      <line num="266" count="1" type="stmt"/>
      <line num="267" count="1" type="stmt"/>
      <line num="268" count="1" type="stmt"/>
      <line num="269" count="1" type="stmt"/>
      <line num="270" count="1" type="cond" truecount="1" falsecount="0"/>
      <line num="271" count="8" type="stmt"/>
      <line num="272" count="8" type="stmt"/>
    </file>
    <file name="handState.ts" path="/Users/zhashuo/Projects/PokerGame/packages/engine/src/handState.ts">
      <metrics statements="443" coveredstatements="422" conditionals="82" coveredconditionals="64" methods="13" coveredmethods="13"/>
      <line num="1" count="1" type="stmt"/>
      <line num="2" count="1" type="stmt"/>
      <line num="3" count="1" type="stmt"/>
      <line num="4" count="1" type="stmt"/>
      <line num="5" count="1" type="stmt"/>
      <line num="6" count="1" type="stmt"/>
      <line num="7" count="1" type="stmt"/>
      <line num="8" count="1" type="stmt"/>
      <line num="9" count="1" type="stmt"/>
      <line num="10" count="1" type="stmt"/>
      <line num="11" count="1" type="stmt"/>
      <line num="12" count="1" type="stmt"/>
      <line num="13" count="1" type="stmt"/>
      <line num="14" count="1" type="stmt"/>
      <line num="15" count="1" type="stmt"/>
      <line num="16" count="1" type="stmt"/>
      <line num="17" count="1" type="stmt"/>
      <line num="18" count="1" type="stmt"/>
      <line num="19" count="1" type="stmt"/>
      <line num="20" count="1" type="stmt"/>
      <line num="21" count="1" type="stmt"/>
      <line num="22" count="1" type="stmt"/>
      <line num="23" count="1" type="stmt"/>
      <line num="24" count="1" type="stmt"/>
      <line num="25" count="1" type="stmt"/>
      <line num="26" count="1" type="stmt"/>
      <line num="27" count="1" type="stmt"/>
      <line num="28" count="1" type="stmt"/>
      <line num="29" count="1" type="stmt"/>
      <line num="30" count="1" type="stmt"/>
      <line num="31" count="1" type="stmt"/>
      <line num="32" count="1" type="stmt"/>
      <line num="33" count="1" type="stmt"/>
      <line num="34" count="1" type="stmt"/>
      <line num="35" count="1" type="stmt"/>
      <line num="36" count="1" type="stmt"/>
      <line num="37" count="1" type="stmt"/>
      <line num="38" count="1" type="stmt"/>
      <line num="39" count="1" type="stmt"/>
      <line num="40" count="1" type="stmt"/>
      <line num="41" count="1" type="stmt"/>
      <line num="42" count="1" type="stmt"/>
      <line num="43" count="1" type="stmt"/>
      <line num="44" count="1" type="stmt"/>
      <line num="45" count="1" type="stmt"/>
      <line num="46" count="1" type="stmt"/>
      <line num="47" count="1" type="stmt"/>
      <line num="48" count="1" type="stmt"/>
      <line num="49" count="1" type="stmt"/>
      <line num="50" count="1" type="stmt"/>
      <line num="51" count="1" type="stmt"/>
      <line num="52" count="1" type="stmt"/>
      <line num="53" count="1" type="stmt"/>
      <line num="54" count="1" type="stmt"/>
      <line num="55" count="1" type="stmt"/>
      <line num="56" count="1" type="stmt"/>
      <line num="57" count="4" type="cond" truecount="1" falsecount="0"/>
      <line num="58" count="4" type="stmt"/>
      <line num="59" count="4" type="cond" truecount="0" falsecount="1"/>
      <line num="60" count="4" type="stmt"/>
      <line num="61" count="1" type="stmt"/>
      <line num="62" count="7" type="cond" truecount="1" falsecount="0"/>
      <line num="63" count="7" type="cond" truecount="1" falsecount="0"/>
      <line num="64" count="7" type="stmt"/>
      <line num="65" count="1" type="stmt"/>
      <line num="66" count="18" type="cond" truecount="1" falsecount="0"/>
      <line num="67" count="18" type="cond" truecount="1" falsecount="0"/>
      <line num="68" count="18" type="stmt"/>
      <line num="69" count="1" type="stmt"/>
      <line num="70" count="1" type="cond" truecount="1" falsecount="0"/>
      <line num="71" count="3" type="cond" truecount="0" falsecount="1"/>
      <line num="72" count="3" type="stmt"/>
      <line num="73" count="3" type="stmt"/>
      <line num="74" count="3" type="cond" truecount="2" falsecount="0"/>
      <line num="75" count="3" type="cond" truecount="1" falsecount="1"/>
      <line num="76" count="2" type="stmt"/>
      <line num="77" count="2" type="stmt"/>
      <line num="78" count="2" type="stmt"/>
      <line num="79" count="2" type="stmt"/>
      <line num="80" count="2" type="stmt"/>
      <line num="81" count="2" type="stmt"/>
      <line num="82" count="2" type="stmt"/>
      <line num="83" count="3" type="cond" truecount="1" falsecount="0"/>
      <line num="84" count="1" type="stmt"/>
      <line num="85" count="1" type="cond" truecount="0" falsecount="1"/>
      <line num="86" count="0" type="stmt"/>
      <line num="87" count="1" type="stmt"/>
      <line num="88" count="1" type="stmt"/>
      <line num="89" count="1" type="cond" truecount="1" falsecount="0"/>
      <line num="90" count="2" type="stmt"/>
      <line num="91" count="2" type="stmt"/>
      <line num="92" count="2" type="stmt"/>
      <line num="93" count="2" type="stmt"/>
      <line num="94" count="2" type="stmt"/>
      <line num="95" count="2" type="stmt"/>
      <line num="96" count="2" type="stmt"/>
      <line num="97" count="2" type="stmt"/>
      <line num="98" count="2" type="stmt"/>
      <line num="99" count="2" type="stmt"/>
      <line num="100" count="2" type="stmt"/>
      <line num="101" count="2" type="stmt"/>
      <line num="102" count="2" type="stmt"/>
      <line num="103" count="2" type="stmt"/>
      <line num="104" count="2" type="stmt"/>
      <line num="105" count="2" type="stmt"/>
      <line num="106" count="2" type="stmt"/>
      <line num="107" count="1" type="stmt"/>
      <line num="108" count="1" type="cond" truecount="1" falsecount="0"/>
      <line num="109" count="10" type="cond" truecount="1" falsecount="0"/>
      <line num="110" count="10" type="cond" truecount="0" falsecount="1"/>
      <line num="111" count="10" type="cond" truecount="0" falsecount="1"/>
      <line num="112" count="10" type="stmt"/>
      <line num="113" count="10" type="stmt"/>
      <line num="114" count="10" type="cond" truecount="1" falsecount="0"/>
      <line num="115" count="10" type="stmt"/>
      <line num="116" count="10" type="stmt"/>
      <line num="117" count="10" type="stmt"/>
      <line num="118" count="10" type="stmt"/>
      <line num="119" count="10" type="stmt"/>
      <line num="120" count="10" type="stmt"/>
      <line num="121" count="10" type="stmt"/>
      <line num="122" count="10" type="cond" truecount="1" falsecount="0"/>
      <line num="123" count="2" type="stmt"/>
      <line num="124" count="2" type="stmt"/>
      <line num="125" count="2" type="stmt"/>
      <line num="126" count="2" type="stmt"/>
      <line num="127" count="2" type="stmt"/>
      <line num="128" count="2" type="stmt"/>
      <line num="129" count="2" type="stmt"/>
      <line num="130" count="2" type="stmt"/>
      <line num="131" count="2" type="stmt"/>
      <line num="132" count="10" type="cond" truecount="1" falsecount="0"/>
      <line num="133" count="1" type="cond" truecount="0" falsecount="1"/>
      <line num="134" count="1" type="stmt"/>
      <line num="135" count="1" type="stmt"/>
      <line num="136" count="1" type="stmt"/>
      <line num="137" count="1" type="stmt"/>
      <line num="138" count="1" type="stmt"/>
      <line num="139" count="1" type="stmt"/>
      <line num="140" count="1" type="stmt"/>
      <line num="141" count="10" type="cond" truecount="1" falsecount="0"/>
      <line num="142" count="2" type="stmt"/>
      <line num="143" count="2" type="stmt"/>
      <line num="144" count="2" type="stmt"/>
      <line num="145" count="2" type="stmt"/>
      <line num="146" count="2" type="cond" truecount="0" falsecount="1"/>
      <line num="147" count="2" type="stmt"/>
      <line num="148" count="2" type="stmt"/>
      <line num="149" count="2" type="stmt"/>
      <line num="150" count="2" type="stmt"/>
      <line num="151" count="2" type="stmt"/>
      <line num="152" count="2" type="stmt"/>
      <line num="153" count="2" type="stmt"/>
      <line num="154" count="10" type="cond" truecount="1" falsecount="0"/>
      <line num="155" count="2" type="cond" truecount="0" falsecount="1"/>
      <line num="156" count="2" type="stmt"/>
      <line num="157" count="2" type="stmt"/>
      <line num="158" count="2" type="stmt"/>
      <line num="159" count="2" type="cond" truecount="1" falsecount="0"/>
      <line num="160" count="1" type="stmt"/>
      <line num="161" count="1" type="stmt"/>
      <line num="162" count="1" type="stmt"/>
      <line num="163" count="2" type="cond" truecount="1" falsecount="1"/>
      <line num="164" count="1" type="stmt"/>
      <line num="165" count="1" type="stmt"/>
      <line num="166" count="1" type="stmt"/>
      <line num="167" count="1" type="stmt"/>
      <line num="168" count="1" type="stmt"/>
      <line num="169" count="1" type="stmt"/>
      <line num="170" count="1" type="stmt"/>
      <line num="171" count="1" type="stmt"/>
      <line num="172" count="1" type="stmt"/>
      <line num="173" count="1" type="stmt"/>
      <line num="174" count="1" type="stmt"/>
      <line num="175" count="1" type="stmt"/>
      <line num="176" count="10" type="cond" truecount="1" falsecount="0"/>
      <line num="177" count="3" type="stmt"/>
      <line num="178" count="3" type="stmt"/>
      <line num="179" count="3" type="stmt"/>
      <line num="180" count="3" type="stmt"/>
      <line num="181" count="3" type="stmt"/>
      <line num="182" count="3" type="stmt"/>
      <line num="183" count="3" type="stmt"/>
      <line num="184" count="3" type="stmt"/>
      <line num="185" count="3" type="stmt"/>
      <line num="186" count="3" type="cond" truecount="1" falsecount="0"/>
      <line num="187" count="2" type="stmt"/>
      <line num="188" count="2" type="stmt"/>
      <line num="189" count="2" type="stmt"/>
      <line num="190" count="2" type="stmt"/>
      <line num="191" count="2" type="stmt"/>
      <line num="192" count="2" type="stmt"/>
      <line num="193" count="2" type="stmt"/>
      <line num="194" count="2" type="stmt"/>
      <line num="195" count="2" type="stmt"/>
      <line num="196" count="2" type="stmt"/>
      <line num="197" count="2" type="stmt"/>
      <line num="198" count="2" type="stmt"/>
      <line num="199" count="2" type="stmt"/>
      <line num="200" count="2" type="cond" truecount="1" falsecount="0"/>
      <line num="201" count="1" type="stmt"/>
      <line num="202" count="1" type="stmt"/>
      <line num="203" count="1" type="stmt"/>
      <line num="204" count="1" type="stmt"/>
      <line num="205" count="1" type="stmt"/>
      <line num="206" count="1" type="stmt"/>
      <line num="207" count="1" type="stmt"/>
      <line num="208" count="10" type="stmt"/>
      <line num="209" count="10" type="stmt"/>
      <line num="210" count="1" type="stmt"/>
      <line num="211" count="9" type="cond" truecount="1" falsecount="0"/>
      <line num="212" count="9" type="cond" truecount="2" falsecount="0"/>
      <line num="213" count="9" type="stmt"/>
      <line num="214" count="9" type="cond" truecount="1" falsecount="0"/>
      <line num="215" count="2" type="stmt"/>
      <line num="216" count="2" type="cond" truecount="1" falsecount="0"/>
      <line num="217" count="7" type="stmt"/>
      <line num="218" count="9" type="cond" truecount="1" falsecount="0"/>
      <line num="219" count="2" type="stmt"/>
      <line num="220" count="2" type="cond" truecount="1" falsecount="0"/>
      <line num="221" count="5" type="stmt"/>
      <line num="222" count="5" type="stmt"/>
      <line num="223" count="9" type="cond" truecount="0" falsecount="1"/>
      <line num="224" count="0" type="stmt"/>
      <line num="225" count="0" type="cond" truecount="1" falsecount="0"/>
      <line num="226" count="5" type="stmt"/>
      <line num="227" count="5" type="stmt"/>
      <line num="228" count="5" type="stmt"/>
      <line num="229" count="1" type="stmt"/>
      <line num="230" count="7" type="cond" truecount="1" falsecount="0"/>
      <line num="231" count="7" type="stmt"/>
      <line num="232" count="7" type="cond" truecount="2" falsecount="0"/>
      <line num="233" count="6" type="stmt"/>
      <line num="234" count="6" type="stmt"/>
      <line num="235" count="6" type="stmt"/>
      <line num="236" count="6" type="cond" truecount="1" falsecount="0"/>
      <line num="237" count="6" type="cond" truecount="1" falsecount="0"/>
      <line num="238" count="6" type="stmt"/>
      <line num="239" count="7" type="cond" truecount="1" falsecount="0"/>
      <line num="240" count="7" type="cond" truecount="1" falsecount="1"/>
      <line num="241" count="3" type="stmt"/>
      <line num="242" count="3" type="stmt"/>
      <line num="243" count="3" type="stmt"/>
      <line num="244" count="3" type="stmt"/>
      <line num="245" count="3" type="stmt"/>
      <line num="246" count="3" type="stmt"/>
      <line num="247" count="3" type="cond" truecount="0" falsecount="1"/>
      <line num="248" count="0" type="stmt"/>
      <line num="249" count="0" type="stmt"/>
      <line num="250" count="0" type="stmt"/>
      <line num="251" count="0" type="stmt"/>
      <line num="252" count="7" type="stmt"/>
      <line num="253" count="1" type="stmt"/>
      <line num="254" count="5" type="cond" truecount="1" falsecount="0"/>
      <line num="255" count="5" type="stmt"/>
      <line num="256" count="5" type="stmt"/>
      <line num="257" count="5" type="stmt"/>
      <line num="258" count="1" type="stmt"/>
      <line num="259" count="5" type="cond" truecount="1" falsecount="0"/>
      <line num="260" count="5" type="stmt"/>
      <line num="261" count="5" type="stmt"/>
      <line num="262" count="5" type="stmt"/>
      <line num="263" count="5" type="stmt"/>
      <line num="264" count="5" type="stmt"/>
      <line num="265" count="5" type="cond" truecount="0" falsecount="1"/>
      <line num="266" count="0" type="stmt"/>
      <line num="267" count="0" type="stmt"/>
      <line num="268" count="1" type="stmt"/>
      <line num="269" count="5" type="cond" truecount="1" falsecount="0"/>
      <line num="270" count="5" type="cond" truecount="1" falsecount="0"/>
      <line num="271" count="5" type="stmt"/>
      <line num="272" count="5" type="cond" truecount="1" falsecount="0"/>
      <line num="273" count="10" type="stmt"/>
      <line num="274" count="10" type="stmt"/>
      <line num="275" count="5" type="stmt"/>
      <line num="276" count="5" type="stmt"/>
      <line num="277" count="5" type="stmt"/>
      <line num="278" count="5" type="cond" truecount="1" falsecount="0"/>
      <line num="279" count="10" type="stmt"/>
      <line num="280" count="10" type="stmt"/>
      <line num="281" count="10" type="stmt"/>
      <line num="282" count="5" type="stmt"/>
      <line num="283" count="5" type="stmt"/>
      <line num="284" count="5" type="stmt"/>
      <line num="285" count="5" type="cond" truecount="1" falsecount="0"/>
      <line num="286" count="1" type="stmt"/>
      <line num="287" count="1" type="stmt"/>
      <line num="288" count="1" type="stmt"/>
      <line num="289" count="1" type="stmt"/>
      <line num="290" count="1" type="stmt"/>
      <line num="291" count="1" type="stmt"/>
      <line num="292" count="1" type="cond" truecount="1" falsecount="0"/>
      <line num="293" count="4" type="stmt"/>
      <line num="294" count="4" type="cond" truecount="1" falsecount="0"/>
      <line num="295" count="4" type="stmt"/>
      <line num="296" count="4" type="stmt"/>
      <line num="297" count="4" type="stmt"/>
      <line num="298" count="4" type="stmt"/>
      <line num="299" count="4" type="stmt"/>
      <line num="300" count="5" type="cond" truecount="1" falsecount="0"/>
      <line num="301" count="2" type="stmt"/>
      <line num="302" count="2" type="cond" truecount="1" falsecount="0"/>
      <line num="303" count="2" type="stmt"/>
      <line num="304" count="2" type="cond" truecount="1" falsecount="0"/>
      <line num="305" count="4" type="stmt"/>
      <line num="306" count="5" type="cond" truecount="2" falsecount="0"/>
      <line num="307" count="3" type="stmt"/>
      <line num="308" count="3" type="stmt"/>
      <line num="309" count="3" type="stmt"/>
      <line num="310" count="3" type="stmt"/>
      <line num="311" count="3" type="stmt"/>
      <line num="312" count="3" type="stmt"/>
      <line num="313" count="3" type="stmt"/>
      <line num="314" count="3" type="stmt"/>
      <line num="315" count="3" type="stmt"/>
      <line num="316" count="3" type="stmt"/>
      <line num="317" count="3" type="stmt"/>
      <line num="318" count="3" type="stmt"/>
      <line num="319" count="3" type="cond" truecount="1" falsecount="0"/>
      <line num="320" count="1" type="stmt"/>
      <line num="321" count="5" type="cond" truecount="0" falsecount="1"/>
      <line num="322" count="0" type="stmt"/>
      <line num="323" count="0" type="stmt"/>
      <line num="324" count="0" type="stmt"/>
      <line num="325" count="0" type="stmt"/>
      <line num="326" count="0" type="stmt"/>
      <line num="327" count="0" type="stmt"/>
      <line num="328" count="0" type="stmt"/>
      <line num="329" count="0" type="stmt"/>
      <line num="330" count="0" type="stmt"/>
      <line num="331" count="0" type="cond" truecount="1" falsecount="0"/>
      <line num="332" count="1" type="stmt"/>
      <line num="333" count="1" type="stmt"/>
      <line num="334" count="1" type="stmt"/>
      <line num="335" count="1" type="stmt"/>
      <line num="336" count="1" type="stmt"/>
      <line num="337" count="1" type="stmt"/>
      <line num="338" count="1" type="stmt"/>
      <line num="339" count="1" type="stmt"/>
      <line num="340" count="1" type="stmt"/>
      <line num="341" count="1" type="stmt"/>
      <line num="342" count="1" type="stmt"/>
      <line num="343" count="1" type="stmt"/>
      <line num="344" count="1" type="stmt"/>
      <line num="345" count="1" type="stmt"/>
      <line num="346" count="1" type="stmt"/>
      <line num="347" count="1" type="stmt"/>
      <line num="348" count="1" type="stmt"/>
      <line num="349" count="1" type="stmt"/>
      <line num="350" count="1" type="stmt"/>
      <line num="351" count="1" type="cond" truecount="1" falsecount="0"/>
      <line num="352" count="1" type="stmt"/>
      <line num="353" count="1" type="stmt"/>
      <line num="354" count="1" type="cond" truecount="1" falsecount="0"/>
      <line num="355" count="1" type="stmt"/>
      <line num="356" count="1" type="cond" truecount="0" falsecount="1"/>
      <line num="357" count="0" type="stmt"/>
      <line num="358" count="0" type="stmt"/>
      <line num="359" count="1" type="stmt"/>
      <line num="360" count="3" type="cond" truecount="1" falsecount="0"/>
      <line num="361" count="3" type="stmt"/>
      <line num="362" count="3" type="stmt"/>
      <line num="363" count="3" type="stmt"/>
      <line num="364" count="3" type="cond" truecount="2" falsecount="0"/>
      <line num="365" count="3" type="stmt"/>
      <line num="366" count="3" type="stmt"/>
      <line num="367" count="1" type="stmt"/>
      <line num="368" count="1" type="cond" truecount="1" falsecount="0"/>
      <line num="369" count="15" type="stmt"/>
      <line num="370" count="15" type="stmt"/>
      <line num="371" count="15" type="stmt"/>
      <line num="372" count="15" type="stmt"/>
      <line num="373" count="15" type="stmt"/>
      <line num="374" count="15" type="stmt"/>
      <line num="375" count="15" type="stmt"/>
      <line num="376" count="15" type="stmt"/>
      <line num="377" count="15" type="cond" truecount="1" falsecount="0"/>
      <line num="378" count="15" type="stmt"/>
      <line num="379" count="15" type="stmt"/>
      <line num="380" count="15" type="cond" truecount="1" falsecount="0"/>
      <line num="381" count="15" type="stmt"/>
      <line num="382" count="15" type="stmt"/>
      <line num="383" count="15" type="stmt"/>
      <line num="384" count="15" type="stmt"/>
      <line num="385" count="15" type="stmt"/>
      <line num="386" count="15" type="stmt"/>
      <line num="387" count="15" type="cond" truecount="1" falsecount="0"/>
      <line num="388" count="31" type="stmt"/>
      <line num="389" count="31" type="stmt"/>
      <line num="390" count="31" type="stmt"/>
      <line num="391" count="31" type="stmt"/>
      <line num="392" count="31" type="stmt"/>
      <line num="393" count="31" type="stmt"/>
      <line num="394" count="31" type="stmt"/>
      <line num="395" count="15" type="stmt"/>
      <line num="396" count="15" type="stmt"/>
      <line num="397" count="15" type="stmt"/>
      <line num="398" count="15" type="stmt"/>
      <line num="399" count="15" type="stmt"/>
      <line num="400" count="15" type="stmt"/>
      <line num="401" count="15" type="stmt"/>
      <line num="402" count="15" type="cond" truecount="0" falsecount="1"/>
      <line num="403" count="15" type="stmt"/>
      <line num="404" count="15" type="stmt"/>
      <line num="405" count="15" type="stmt"/>
      <line num="406" count="15" type="stmt"/>
      <line num="407" count="15" type="stmt"/>
      <line num="408" count="15" type="cond" truecount="0" falsecount="1"/>
      <line num="409" count="15" type="stmt"/>
      <line num="410" count="15" type="stmt"/>
      <line num="411" count="15" type="stmt"/>
      <line num="412" count="15" type="cond" truecount="1" falsecount="0"/>
      <line num="413" count="31" type="stmt"/>
      <line num="414" count="31" type="stmt"/>
      <line num="415" count="31" type="stmt"/>
      <line num="416" count="31" type="stmt"/>
      <line num="417" count="15" type="stmt"/>
      <line num="418" count="15" type="stmt"/>
      <line num="419" count="15" type="stmt"/>
      <line num="420" count="15" type="stmt"/>
      <line num="421" count="15" type="stmt"/>
      <line num="422" count="15" type="stmt"/>
      <line num="423" count="15" type="stmt"/>
      <line num="424" count="15" type="stmt"/>
      <line num="425" count="15" type="stmt"/>
      <line num="426" count="15" type="stmt"/>
      <line num="427" count="15" type="stmt"/>
      <line num="428" count="15" type="stmt"/>
      <line num="429" count="15" type="stmt"/>
      <line num="430" count="15" type="stmt"/>
      <line num="431" count="15" type="stmt"/>
      <line num="432" count="15" type="stmt"/>
      <line num="433" count="15" type="stmt"/>
      <line num="434" count="15" type="stmt"/>
      <line num="435" count="15" type="stmt"/>
      <line num="436" count="15" type="stmt"/>
      <line num="437" count="15" type="stmt"/>
      <line num="438" count="15" type="stmt"/>
      <line num="439" count="15" type="stmt"/>
      <line num="440" count="15" type="stmt"/>
      <line num="441" count="15" type="stmt"/>
      <line num="442" count="15" type="stmt"/>
      <line num="443" count="15" type="stmt"/>
    </file>
    <file name="index.ts" path="/Users/zhashuo/Projects/PokerGame/packages/engine/src/index.ts">
      <metrics statements="4" coveredstatements="0" conditionals="1" coveredconditionals="0" methods="1" coveredmethods="0"/>
      <line num="1" count="0" type="cond" truecount="0" falsecount="1"/>
      <line num="2" count="0" type="stmt"/>
      <line num="3" count="0" type="stmt"/>
      <line num="4" count="0" type="stmt"/>
    </file>
    <file name="sidepots.ts" path="/Users/zhashuo/Projects/PokerGame/packages/engine/src/sidepots.ts">
      <metrics statements="66" coveredstatements="64" conditionals="19" coveredconditionals="17" methods="2" coveredmethods="2"/>
      <line num="1" count="1" type="stmt"/>
      <line num="2" count="1" type="stmt"/>
      <line num="3" count="1" type="stmt"/>
      <line num="4" count="1" type="stmt"/>
      <line num="5" count="1" type="stmt"/>
      <line num="6" count="1" type="stmt"/>
      <line num="7" count="1" type="stmt"/>
      <line num="8" count="1" type="stmt"/>
      <line num="9" count="1" type="stmt"/>
      <line num="10" count="1" type="stmt"/>
      <line num="11" count="1" type="stmt"/>
      <line num="12" count="1" type="cond" truecount="1" falsecount="0"/>
      <line num="13" count="14" type="cond" truecount="2" falsecount="0"/>
      <line num="14" count="13" type="stmt"/>
      <line num="15" count="13" type="cond" truecount="1" falsecount="0"/>
      <line num="16" count="13" type="stmt"/>
      <line num="17" count="13" type="stmt"/>
      <line num="18" count="13" type="stmt"/>
      <line num="19" count="13" type="stmt"/>
      <line num="20" count="14" type="cond" truecount="1" falsecount="0"/>
      <line num="21" count="31" type="stmt"/>
      <line num="22" count="31" type="cond" truecount="3" falsecount="0"/>
      <line num="23" count="19" type="stmt"/>
      <line num="24" count="19" type="stmt"/>
      <line num="25" count="19" type="stmt"/>
      <line num="26" count="19" type="stmt"/>
      <line num="27" count="19" type="stmt"/>
      <line num="28" count="31" type="cond" truecount="1" falsecount="0"/>
      <line num="29" count="50" type="stmt"/>
      <line num="30" count="50" type="cond" truecount="1" falsecount="0"/>
      <line num="31" count="42" type="stmt"/>
      <line num="32" count="42" type="stmt"/>
      <line num="33" count="50" type="cond" truecount="2" falsecount="0"/>
      <line num="34" count="36" type="stmt"/>
      <line num="35" count="36" type="stmt"/>
      <line num="36" count="50" type="cond" truecount="1" falsecount="0"/>
      <line num="37" count="19" type="stmt"/>
      <line num="38" count="19" type="stmt"/>
      <line num="39" count="19" type="stmt"/>
      <line num="40" count="19" type="stmt"/>
      <line num="41" count="19" type="stmt"/>
      <line num="42" count="19" type="stmt"/>
      <line num="43" count="19" type="stmt"/>
      <line num="44" count="19" type="stmt"/>
      <line num="45" count="19" type="cond" truecount="1" falsecount="0"/>
      <line num="46" count="13" type="stmt"/>
      <line num="47" count="13" type="stmt"/>
      <line num="48" count="13" type="stmt"/>
      <line num="49" count="1" type="stmt"/>
      <line num="50" count="13" type="cond" truecount="1" falsecount="0"/>
      <line num="51" count="13" type="stmt"/>
      <line num="52" count="13" type="stmt"/>
      <line num="53" count="13" type="cond" truecount="1" falsecount="0"/>
      <line num="54" count="19" type="cond" truecount="1" falsecount="0"/>
      <line num="55" count="8" type="cond" truecount="0" falsecount="1"/>
      <line num="56" count="0" type="stmt"/>
      <line num="57" count="19" type="stmt"/>
      <line num="58" count="19" type="cond" truecount="0" falsecount="1"/>
      <line num="59" count="0" type="stmt"/>
      <line num="60" count="19" type="stmt"/>
      <line num="61" count="19" type="stmt"/>
      <line num="62" count="19" type="stmt"/>
      <line num="63" count="19" type="stmt"/>
      <line num="64" count="13" type="stmt"/>
      <line num="65" count="13" type="stmt"/>
      <line num="66" count="13" type="stmt"/>
    </file>
  </project>
</coverage>
