{"/Users/zhashuo/Projects/PokerGame/packages/engine/src/deck.ts": {"path":"/Users/zhashuo/Projects/PokerGame/packages/engine/src/deck.ts","all":false,"statementMap":{"0":{"start":{"line":1,"column":0},"end":{"line":1,"column":42}},"1":{"start":{"line":2,"column":0},"end":{"line":2,"column":54}},"2":{"start":{"line":3,"column":0},"end":{"line":3,"column":0}},"3":{"start":{"line":4,"column":0},"end":{"line":4,"column":43}},"4":{"start":{"line":5,"column":0},"end":{"line":5,"column":67}},"5":{"start":{"line":6,"column":0},"end":{"line":6,"column":0}},"6":{"start":{"line":7,"column":0},"end":{"line":7,"column":38}},"7":{"start":{"line":8,"column":0},"end":{"line":8,"column":26}},"8":{"start":{"line":9,"column":0},"end":{"line":9,"column":29}},"9":{"start":{"line":10,"column":0},"end":{"line":10,"column":31}},"10":{"start":{"line":11,"column":0},"end":{"line":11,"column":32}},"11":{"start":{"line":12,"column":0},"end":{"line":12,"column":5}},"12":{"start":{"line":13,"column":0},"end":{"line":13,"column":3}},"13":{"start":{"line":14,"column":0},"end":{"line":14,"column":14}},"14":{"start":{"line":15,"column":0},"end":{"line":15,"column":1}},"15":{"start":{"line":16,"column":0},"end":{"line":16,"column":0}},"16":{"start":{"line":17,"column":0},"end":{"line":17,"column":66}},"17":{"start":{"line":18,"column":0},"end":{"line":18,"column":27}},"18":{"start":{"line":19,"column":0},"end":{"line":19,"column":47}},"19":{"start":{"line":20,"column":0},"end":{"line":20,"column":42}},"20":{"start":{"line":21,"column":0},"end":{"line":21,"column":27}},"21":{"start":{"line":22,"column":0},"end":{"line":22,"column":27}},"22":{"start":{"line":23,"column":0},"end":{"line":23,"column":20}},"23":{"start":{"line":24,"column":0},"end":{"line":24,"column":3}},"24":{"start":{"line":25,"column":0},"end":{"line":25,"column":16}},"25":{"start":{"line":26,"column":0},"end":{"line":26,"column":1}},"26":{"start":{"line":27,"column":0},"end":{"line":27,"column":0}},"27":{"start":{"line":28,"column":0},"end":{"line":28,"column":43}},"28":{"start":{"line":29,"column":0},"end":{"line":29,"column":16}},"29":{"start":{"line":30,"column":0},"end":{"line":30,"column":31}},"30":{"start":{"line":31,"column":0},"end":{"line":31,"column":45}},"31":{"start":{"line":32,"column":0},"end":{"line":32,"column":4}},"32":{"start":{"line":33,"column":0},"end":{"line":33,"column":1}}},"s":{"0":1,"1":1,"2":1,"3":1,"4":1,"5":1,"6":1,"7":23,"8":23,"9":92,"10":1196,"11":1196,"12":92,"13":23,"14":23,"15":1,"16":1,"17":20,"18":20,"19":1020,"20":1020,"21":1020,"22":1020,"23":1020,"24":20,"25":20,"26":1,"27":1,"28":2,"29":61,"30":61,"31":61,"32":2},"branchMap":{"0":{"type":"branch","line":7,"loc":{"start":{"line":7,"column":7},"end":{"line":15,"column":1}},"locations":[{"start":{"line":7,"column":7},"end":{"line":15,"column":1}}]},"1":{"type":"branch","line":9,"loc":{"start":{"line":9,"column":28},"end":{"line":13,"column":3}},"locations":[{"start":{"line":9,"column":28},"end":{"line":13,"column":3}}]},"2":{"type":"branch","line":10,"loc":{"start":{"line":10,"column":30},"end":{"line":12,"column":5}},"locations":[{"start":{"line":10,"column":30},"end":{"line":12,"column":5}}]},"3":{"type":"branch","line":17,"loc":{"start":{"line":17,"column":7},"end":{"line":26,"column":1}},"locations":[{"start":{"line":17,"column":7},"end":{"line":26,"column":1}}]},"4":{"type":"branch","line":19,"loc":{"start":{"line":19,"column":46},"end":{"line":24,"column":3}},"locations":[{"start":{"line":19,"column":46},"end":{"line":24,"column":3}}]},"5":{"type":"branch","line":28,"loc":{"start":{"line":28,"column":7},"end":{"line":33,"column":1}},"locations":[{"start":{"line":28,"column":7},"end":{"line":33,"column":1}}]},"6":{"type":"branch","line":29,"loc":{"start":{"line":29,"column":9},"end":{"line":32,"column":4}},"locations":[{"start":{"line":29,"column":9},"end":{"line":32,"column":4}}]}},"b":{"0":[23],"1":[92],"2":[1196],"3":[20],"4":[1020],"5":[2],"6":[61]},"fnMap":{"0":{"name":"createDeck","decl":{"start":{"line":7,"column":7},"end":{"line":15,"column":1}},"loc":{"start":{"line":7,"column":7},"end":{"line":15,"column":1}},"line":7},"1":{"name":"shuffle","decl":{"start":{"line":17,"column":7},"end":{"line":26,"column":1}},"loc":{"start":{"line":17,"column":7},"end":{"line":26,"column":1}},"line":17},"2":{"name":"cryptoRng","decl":{"start":{"line":28,"column":7},"end":{"line":33,"column":1}},"loc":{"start":{"line":28,"column":7},"end":{"line":33,"column":1}},"line":28}},"f":{"0":23,"1":20,"2":2}}
,"/Users/zhashuo/Projects/PokerGame/packages/engine/src/evaluator.ts": {"path":"/Users/zhashuo/Projects/PokerGame/packages/engine/src/evaluator.ts","all":false,"statementMap":{"0":{"start":{"line":1,"column":0},"end":{"line":1,"column":56}},"1":{"start":{"line":2,"column":0},"end":{"line":2,"column":0}},"2":{"start":{"line":3,"column":0},"end":{"line":3,"column":29}},"3":{"start":{"line":4,"column":0},"end":{"line":4,"column":25}},"4":{"start":{"line":5,"column":0},"end":{"line":5,"column":24}},"5":{"start":{"line":6,"column":0},"end":{"line":6,"column":19}},"6":{"start":{"line":7,"column":0},"end":{"line":7,"column":22}},"7":{"start":{"line":8,"column":0},"end":{"line":8,"column":1}},"8":{"start":{"line":9,"column":0},"end":{"line":9,"column":0}},"9":{"start":{"line":10,"column":0},"end":{"line":10,"column":53}},"10":{"start":{"line":11,"column":0},"end":{"line":11,"column":14}},"11":{"start":{"line":12,"column":0},"end":{"line":12,"column":10}},"12":{"start":{"line":13,"column":0},"end":{"line":13,"column":13}},"13":{"start":{"line":14,"column":0},"end":{"line":14,"column":18}},"14":{"start":{"line":15,"column":0},"end":{"line":15,"column":14}},"15":{"start":{"line":16,"column":0},"end":{"line":16,"column":11}},"16":{"start":{"line":17,"column":0},"end":{"line":17,"column":15}},"17":{"start":{"line":18,"column":0},"end":{"line":18,"column":17}},"18":{"start":{"line":19,"column":0},"end":{"line":19,"column":19}},"19":{"start":{"line":20,"column":0},"end":{"line":20,"column":17}},"20":{"start":{"line":21,"column":0},"end":{"line":21,"column":2}},"21":{"start":{"line":22,"column":0},"end":{"line":22,"column":0}},"22":{"start":{"line":23,"column":0},"end":{"line":23,"column":54}},"23":{"start":{"line":24,"column":0},"end":{"line":24,"column":17}},"24":{"start":{"line":25,"column":0},"end":{"line":25,"column":13}},"25":{"start":{"line":26,"column":0},"end":{"line":26,"column":16}},"26":{"start":{"line":27,"column":0},"end":{"line":27,"column":21}},"27":{"start":{"line":28,"column":0},"end":{"line":28,"column":17}},"28":{"start":{"line":29,"column":0},"end":{"line":29,"column":14}},"29":{"start":{"line":30,"column":0},"end":{"line":30,"column":18}},"30":{"start":{"line":31,"column":0},"end":{"line":31,"column":20}},"31":{"start":{"line":32,"column":0},"end":{"line":32,"column":23}},"32":{"start":{"line":33,"column":0},"end":{"line":33,"column":22}},"33":{"start":{"line":34,"column":0},"end":{"line":34,"column":2}},"34":{"start":{"line":35,"column":0},"end":{"line":35,"column":0}},"35":{"start":{"line":36,"column":0},"end":{"line":36,"column":62}},"36":{"start":{"line":37,"column":0},"end":{"line":37,"column":27}},"37":{"start":{"line":38,"column":0},"end":{"line":38,"column":34}},"38":{"start":{"line":39,"column":0},"end":{"line":39,"column":33}},"39":{"start":{"line":40,"column":0},"end":{"line":40,"column":24}},"40":{"start":{"line":41,"column":0},"end":{"line":41,"column":73}},"41":{"start":{"line":42,"column":0},"end":{"line":42,"column":48}},"42":{"start":{"line":43,"column":0},"end":{"line":43,"column":41}},"43":{"start":{"line":44,"column":0},"end":{"line":44,"column":1}},"44":{"start":{"line":45,"column":0},"end":{"line":45,"column":0}},"45":{"start":{"line":46,"column":0},"end":{"line":46,"column":62}},"46":{"start":{"line":47,"column":0},"end":{"line":47,"column":59}},"47":{"start":{"line":48,"column":0},"end":{"line":48,"column":0}},"48":{"start":{"line":49,"column":0},"end":{"line":49,"column":48}},"49":{"start":{"line":50,"column":0},"end":{"line":50,"column":26}},"50":{"start":{"line":51,"column":0},"end":{"line":51,"column":36}},"51":{"start":{"line":52,"column":0},"end":{"line":52,"column":58}},"52":{"start":{"line":53,"column":0},"end":{"line":53,"column":45}},"53":{"start":{"line":54,"column":0},"end":{"line":54,"column":17}},"54":{"start":{"line":55,"column":0},"end":{"line":55,"column":5}},"55":{"start":{"line":56,"column":0},"end":{"line":56,"column":3}},"56":{"start":{"line":57,"column":0},"end":{"line":57,"column":0}},"57":{"start":{"line":58,"column":0},"end":{"line":58,"column":21}},"58":{"start":{"line":59,"column":0},"end":{"line":59,"column":116}},"59":{"start":{"line":60,"column":0},"end":{"line":60,"column":13}},"60":{"start":{"line":61,"column":0},"end":{"line":61,"column":3}},"61":{"start":{"line":62,"column":0},"end":{"line":62,"column":0}},"62":{"start":{"line":63,"column":0},"end":{"line":63,"column":14}},"63":{"start":{"line":64,"column":0},"end":{"line":64,"column":1}},"64":{"start":{"line":65,"column":0},"end":{"line":65,"column":0}},"65":{"start":{"line":66,"column":0},"end":{"line":66,"column":57}},"66":{"start":{"line":67,"column":0},"end":{"line":67,"column":64}},"67":{"start":{"line":68,"column":0},"end":{"line":68,"column":64}},"68":{"start":{"line":69,"column":0},"end":{"line":69,"column":0}},"69":{"start":{"line":70,"column":0},"end":{"line":70,"column":53}},"70":{"start":{"line":71,"column":0},"end":{"line":71,"column":31}},"71":{"start":{"line":72,"column":0},"end":{"line":72,"column":36}},"72":{"start":{"line":73,"column":0},"end":{"line":73,"column":68}},"73":{"start":{"line":74,"column":0},"end":{"line":74,"column":59}},"74":{"start":{"line":75,"column":0},"end":{"line":75,"column":32}},"75":{"start":{"line":76,"column":0},"end":{"line":76,"column":28}},"76":{"start":{"line":77,"column":0},"end":{"line":77,"column":56}},"77":{"start":{"line":78,"column":0},"end":{"line":78,"column":36}},"78":{"start":{"line":79,"column":0},"end":{"line":79,"column":7}},"79":{"start":{"line":80,"column":0},"end":{"line":80,"column":20}},"80":{"start":{"line":81,"column":0},"end":{"line":81,"column":5}},"81":{"start":{"line":82,"column":0},"end":{"line":82,"column":3}},"82":{"start":{"line":83,"column":0},"end":{"line":83,"column":0}},"83":{"start":{"line":84,"column":0},"end":{"line":84,"column":10}},"84":{"start":{"line":85,"column":0},"end":{"line":85,"column":39}},"85":{"start":{"line":86,"column":0},"end":{"line":86,"column":64}},"86":{"start":{"line":87,"column":0},"end":{"line":87,"column":30}},"87":{"start":{"line":88,"column":0},"end":{"line":88,"column":35}},"88":{"start":{"line":89,"column":0},"end":{"line":89,"column":49}},"89":{"start":{"line":90,"column":0},"end":{"line":90,"column":34}},"90":{"start":{"line":91,"column":0},"end":{"line":91,"column":5}},"91":{"start":{"line":92,"column":0},"end":{"line":92,"column":47}},"92":{"start":{"line":93,"column":0},"end":{"line":93,"column":30}},"93":{"start":{"line":94,"column":0},"end":{"line":94,"column":18}},"94":{"start":{"line":95,"column":0},"end":{"line":95,"column":3}},"95":{"start":{"line":96,"column":0},"end":{"line":96,"column":0}},"96":{"start":{"line":97,"column":0},"end":{"line":97,"column":14}},"97":{"start":{"line":98,"column":0},"end":{"line":98,"column":1}},"98":{"start":{"line":99,"column":0},"end":{"line":99,"column":0}},"99":{"start":{"line":100,"column":0},"end":{"line":100,"column":45}},"100":{"start":{"line":101,"column":0},"end":{"line":101,"column":29}},"101":{"start":{"line":102,"column":0},"end":{"line":102,"column":1}},"102":{"start":{"line":103,"column":0},"end":{"line":103,"column":0}},"103":{"start":{"line":104,"column":0},"end":{"line":104,"column":46}},"104":{"start":{"line":105,"column":0},"end":{"line":105,"column":60}},"105":{"start":{"line":106,"column":0},"end":{"line":106,"column":38}},"106":{"start":{"line":107,"column":0},"end":{"line":107,"column":0}},"107":{"start":{"line":108,"column":0},"end":{"line":108,"column":51}},"108":{"start":{"line":109,"column":0},"end":{"line":109,"column":50}},"109":{"start":{"line":110,"column":0},"end":{"line":110,"column":43}},"110":{"start":{"line":111,"column":0},"end":{"line":111,"column":0}},"111":{"start":{"line":112,"column":0},"end":{"line":112,"column":46}},"112":{"start":{"line":113,"column":0},"end":{"line":113,"column":26}},"113":{"start":{"line":114,"column":0},"end":{"line":114,"column":50}},"114":{"start":{"line":115,"column":0},"end":{"line":115,"column":3}},"115":{"start":{"line":116,"column":0},"end":{"line":116,"column":0}},"116":{"start":{"line":117,"column":0},"end":{"line":117,"column":85}},"117":{"start":{"line":118,"column":0},"end":{"line":118,"column":0}},"118":{"start":{"line":119,"column":0},"end":{"line":119,"column":30}},"119":{"start":{"line":120,"column":0},"end":{"line":120,"column":50}},"120":{"start":{"line":121,"column":0},"end":{"line":121,"column":30}},"121":{"start":{"line":122,"column":0},"end":{"line":122,"column":14}},"122":{"start":{"line":123,"column":0},"end":{"line":123,"column":31}},"123":{"start":{"line":124,"column":0},"end":{"line":124,"column":26}},"124":{"start":{"line":125,"column":0},"end":{"line":125,"column":32}},"125":{"start":{"line":126,"column":0},"end":{"line":126,"column":43}},"126":{"start":{"line":127,"column":0},"end":{"line":127,"column":8}},"127":{"start":{"line":128,"column":0},"end":{"line":128,"column":5}},"128":{"start":{"line":129,"column":0},"end":{"line":129,"column":12}},"129":{"start":{"line":130,"column":0},"end":{"line":130,"column":32}},"130":{"start":{"line":131,"column":0},"end":{"line":131,"column":34}},"131":{"start":{"line":132,"column":0},"end":{"line":132,"column":30}},"132":{"start":{"line":133,"column":0},"end":{"line":133,"column":68}},"133":{"start":{"line":134,"column":0},"end":{"line":134,"column":6}},"134":{"start":{"line":135,"column":0},"end":{"line":135,"column":3}},"135":{"start":{"line":136,"column":0},"end":{"line":136,"column":0}},"136":{"start":{"line":137,"column":0},"end":{"line":137,"column":23}},"137":{"start":{"line":138,"column":0},"end":{"line":138,"column":23}},"138":{"start":{"line":139,"column":0},"end":{"line":139,"column":23}},"139":{"start":{"line":140,"column":0},"end":{"line":140,"column":23}},"140":{"start":{"line":141,"column":0},"end":{"line":141,"column":0}},"141":{"start":{"line":142,"column":0},"end":{"line":142,"column":12}},"142":{"start":{"line":143,"column":0},"end":{"line":143,"column":61}},"143":{"start":{"line":144,"column":0},"end":{"line":144,"column":12}},"144":{"start":{"line":145,"column":0},"end":{"line":145,"column":27}},"145":{"start":{"line":146,"column":0},"end":{"line":146,"column":43}},"146":{"start":{"line":147,"column":0},"end":{"line":147,"column":23}},"147":{"start":{"line":148,"column":0},"end":{"line":148,"column":71}},"148":{"start":{"line":149,"column":0},"end":{"line":149,"column":6}},"149":{"start":{"line":150,"column":0},"end":{"line":150,"column":3}},"150":{"start":{"line":151,"column":0},"end":{"line":151,"column":0}},"151":{"start":{"line":152,"column":0},"end":{"line":152,"column":20}},"152":{"start":{"line":153,"column":0},"end":{"line":153,"column":27}},"153":{"start":{"line":154,"column":0},"end":{"line":154,"column":32}},"154":{"start":{"line":155,"column":0},"end":{"line":155,"column":12}},"155":{"start":{"line":156,"column":0},"end":{"line":156,"column":30}},"156":{"start":{"line":157,"column":0},"end":{"line":157,"column":38}},"157":{"start":{"line":158,"column":0},"end":{"line":158,"column":42}},"158":{"start":{"line":159,"column":0},"end":{"line":159,"column":66}},"159":{"start":{"line":160,"column":0},"end":{"line":160,"column":65}},"160":{"start":{"line":161,"column":0},"end":{"line":161,"column":31}},"161":{"start":{"line":162,"column":0},"end":{"line":162,"column":9}},"162":{"start":{"line":163,"column":0},"end":{"line":163,"column":62}},"163":{"start":{"line":164,"column":0},"end":{"line":164,"column":6}},"164":{"start":{"line":165,"column":0},"end":{"line":165,"column":3}},"165":{"start":{"line":166,"column":0},"end":{"line":166,"column":0}},"166":{"start":{"line":167,"column":0},"end":{"line":167,"column":41}},"167":{"start":{"line":168,"column":0},"end":{"line":168,"column":12}},"168":{"start":{"line":169,"column":0},"end":{"line":169,"column":28}},"169":{"start":{"line":170,"column":0},"end":{"line":170,"column":34}},"170":{"start":{"line":171,"column":0},"end":{"line":171,"column":21}},"171":{"start":{"line":172,"column":0},"end":{"line":172,"column":65}},"172":{"start":{"line":173,"column":0},"end":{"line":173,"column":6}},"173":{"start":{"line":174,"column":0},"end":{"line":174,"column":3}},"174":{"start":{"line":175,"column":0},"end":{"line":175,"column":0}},"175":{"start":{"line":176,"column":0},"end":{"line":176,"column":16}},"176":{"start":{"line":177,"column":0},"end":{"line":177,"column":61}},"177":{"start":{"line":178,"column":0},"end":{"line":178,"column":12}},"178":{"start":{"line":179,"column":0},"end":{"line":179,"column":24}},"179":{"start":{"line":180,"column":0},"end":{"line":180,"column":43}},"180":{"start":{"line":181,"column":0},"end":{"line":181,"column":23}},"181":{"start":{"line":182,"column":0},"end":{"line":182,"column":36}},"182":{"start":{"line":183,"column":0},"end":{"line":183,"column":6}},"183":{"start":{"line":184,"column":0},"end":{"line":184,"column":3}},"184":{"start":{"line":185,"column":0},"end":{"line":185,"column":0}},"185":{"start":{"line":186,"column":0},"end":{"line":186,"column":19}},"186":{"start":{"line":187,"column":0},"end":{"line":187,"column":50}},"187":{"start":{"line":188,"column":0},"end":{"line":188,"column":12}},"188":{"start":{"line":189,"column":0},"end":{"line":189,"column":27}},"189":{"start":{"line":190,"column":0},"end":{"line":190,"column":34}},"190":{"start":{"line":191,"column":0},"end":{"line":191,"column":30}},"191":{"start":{"line":192,"column":0},"end":{"line":192,"column":63}},"192":{"start":{"line":193,"column":0},"end":{"line":193,"column":6}},"193":{"start":{"line":194,"column":0},"end":{"line":194,"column":3}},"194":{"start":{"line":195,"column":0},"end":{"line":195,"column":0}},"195":{"start":{"line":196,"column":0},"end":{"line":196,"column":20}},"196":{"start":{"line":197,"column":0},"end":{"line":197,"column":26}},"197":{"start":{"line":198,"column":0},"end":{"line":198,"column":71}},"198":{"start":{"line":199,"column":0},"end":{"line":199,"column":12}},"199":{"start":{"line":200,"column":0},"end":{"line":200,"column":31}},"200":{"start":{"line":201,"column":0},"end":{"line":201,"column":41}},"201":{"start":{"line":202,"column":0},"end":{"line":202,"column":21}},"202":{"start":{"line":203,"column":0},"end":{"line":203,"column":62}},"203":{"start":{"line":204,"column":0},"end":{"line":204,"column":6}},"204":{"start":{"line":205,"column":0},"end":{"line":205,"column":3}},"205":{"start":{"line":206,"column":0},"end":{"line":206,"column":0}},"206":{"start":{"line":207,"column":0},"end":{"line":207,"column":41}},"207":{"start":{"line":208,"column":0},"end":{"line":208,"column":44}},"208":{"start":{"line":209,"column":0},"end":{"line":209,"column":43}},"209":{"start":{"line":210,"column":0},"end":{"line":210,"column":32}},"210":{"start":{"line":211,"column":0},"end":{"line":211,"column":12}},"211":{"start":{"line":212,"column":0},"end":{"line":212,"column":26}},"212":{"start":{"line":213,"column":0},"end":{"line":213,"column":47}},"213":{"start":{"line":214,"column":0},"end":{"line":214,"column":21}},"214":{"start":{"line":215,"column":0},"end":{"line":215,"column":68}},"215":{"start":{"line":216,"column":0},"end":{"line":216,"column":6}},"216":{"start":{"line":217,"column":0},"end":{"line":217,"column":3}},"217":{"start":{"line":218,"column":0},"end":{"line":218,"column":0}},"218":{"start":{"line":219,"column":0},"end":{"line":219,"column":20}},"219":{"start":{"line":220,"column":0},"end":{"line":220,"column":27}},"220":{"start":{"line":221,"column":0},"end":{"line":221,"column":85}},"221":{"start":{"line":222,"column":0},"end":{"line":222,"column":12}},"222":{"start":{"line":223,"column":0},"end":{"line":223,"column":23}},"223":{"start":{"line":224,"column":0},"end":{"line":224,"column":42}},"224":{"start":{"line":225,"column":0},"end":{"line":225,"column":21}},"225":{"start":{"line":226,"column":0},"end":{"line":226,"column":55}},"226":{"start":{"line":227,"column":0},"end":{"line":227,"column":6}},"227":{"start":{"line":228,"column":0},"end":{"line":228,"column":3}},"228":{"start":{"line":229,"column":0},"end":{"line":229,"column":0}},"229":{"start":{"line":230,"column":0},"end":{"line":230,"column":59}},"230":{"start":{"line":231,"column":0},"end":{"line":231,"column":10}},"231":{"start":{"line":232,"column":0},"end":{"line":232,"column":25}},"232":{"start":{"line":233,"column":0},"end":{"line":233,"column":41}},"233":{"start":{"line":234,"column":0},"end":{"line":234,"column":21}},"234":{"start":{"line":235,"column":0},"end":{"line":235,"column":69}},"235":{"start":{"line":236,"column":0},"end":{"line":236,"column":4}},"236":{"start":{"line":237,"column":0},"end":{"line":237,"column":1}},"237":{"start":{"line":238,"column":0},"end":{"line":238,"column":0}},"238":{"start":{"line":239,"column":0},"end":{"line":239,"column":57}},"239":{"start":{"line":240,"column":0},"end":{"line":240,"column":65}},"240":{"start":{"line":241,"column":0},"end":{"line":241,"column":0}},"241":{"start":{"line":242,"column":0},"end":{"line":242,"column":74}},"242":{"start":{"line":243,"column":0},"end":{"line":243,"column":37}},"243":{"start":{"line":244,"column":0},"end":{"line":244,"column":0}},"244":{"start":{"line":245,"column":0},"end":{"line":245,"column":31}},"245":{"start":{"line":246,"column":0},"end":{"line":246,"column":36}},"246":{"start":{"line":247,"column":0},"end":{"line":247,"column":56}},"247":{"start":{"line":248,"column":0},"end":{"line":248,"column":20}},"248":{"start":{"line":249,"column":0},"end":{"line":249,"column":5}},"249":{"start":{"line":250,"column":0},"end":{"line":250,"column":3}},"250":{"start":{"line":251,"column":0},"end":{"line":251,"column":0}},"251":{"start":{"line":252,"column":0},"end":{"line":252,"column":15}},"252":{"start":{"line":253,"column":0},"end":{"line":253,"column":1}},"253":{"start":{"line":254,"column":0},"end":{"line":254,"column":0}},"254":{"start":{"line":255,"column":0},"end":{"line":255,"column":71}},"255":{"start":{"line":256,"column":0},"end":{"line":256,"column":42}},"256":{"start":{"line":257,"column":0},"end":{"line":257,"column":42}},"257":{"start":{"line":258,"column":0},"end":{"line":258,"column":0}},"258":{"start":{"line":259,"column":0},"end":{"line":259,"column":53}},"259":{"start":{"line":260,"column":0},"end":{"line":260,"column":0}},"260":{"start":{"line":261,"column":0},"end":{"line":261,"column":82}},"261":{"start":{"line":262,"column":0},"end":{"line":262,"column":37}},"262":{"start":{"line":263,"column":0},"end":{"line":263,"column":37}},"263":{"start":{"line":264,"column":0},"end":{"line":264,"column":43}},"264":{"start":{"line":265,"column":0},"end":{"line":265,"column":3}},"265":{"start":{"line":266,"column":0},"end":{"line":266,"column":0}},"266":{"start":{"line":267,"column":0},"end":{"line":267,"column":11}},"267":{"start":{"line":268,"column":0},"end":{"line":268,"column":1}},"268":{"start":{"line":269,"column":0},"end":{"line":269,"column":0}},"269":{"start":{"line":270,"column":0},"end":{"line":270,"column":72}},"270":{"start":{"line":271,"column":0},"end":{"line":271,"column":34}},"271":{"start":{"line":272,"column":0},"end":{"line":272,"column":1}}},"s":{"0":1,"1":1,"2":1,"3":1,"4":1,"5":1,"6":1,"7":1,"8":1,"9":1,"10":1,"11":1,"12":1,"13":1,"14":1,"15":1,"16":1,"17":1,"18":1,"19":1,"20":1,"21":1,"22":1,"23":1,"24":1,"25":1,"26":1,"27":1,"28":1,"29":1,"30":1,"31":1,"32":1,"33":1,"34":1,"35":1443,"36":1443,"37":1443,"38":715,"39":1443,"40":715,"41":715,"42":715,"43":715,"44":1,"45":290,"46":290,"47":290,"48":290,"49":195,"50":195,"51":195,"52":195,"53":12,"54":12,"55":195,"56":183,"57":183,"58":290,"59":3,"60":3,"61":275,"62":275,"63":275,"64":1,"65":15,"66":15,"67":15,"68":15,"69":15,"70":15,"71":15,"72":15,"73":15,"74":12,"75":12,"76":60,"77":60,"78":60,"79":12,"80":12,"81":15,"82":3,"83":3,"84":3,"85":3,"86":3,"87":3,"88":12,"89":12,"90":12,"91":3,"92":3,"93":3,"94":3,"95":0,"96":0,"97":0,"98":1,"99":290,"100":290,"101":290,"102":1,"103":290,"104":290,"105":290,"106":290,"107":290,"108":290,"109":290,"110":290,"111":290,"112":290,"113":1450,"114":1450,"115":290,"116":290,"117":290,"118":290,"119":8,"120":8,"121":4,"122":4,"123":4,"124":4,"125":4,"126":4,"127":4,"128":4,"129":4,"130":4,"131":4,"132":4,"133":4,"134":4,"135":282,"136":282,"137":282,"138":282,"139":282,"140":282,"141":290,"142":0,"143":0,"144":0,"145":0,"146":0,"147":0,"148":0,"149":0,"150":282,"151":290,"152":4,"153":4,"154":4,"155":4,"156":4,"157":4,"158":16,"159":16,"160":12,"161":4,"162":4,"163":4,"164":4,"165":278,"166":290,"167":2,"168":2,"169":2,"170":2,"171":2,"172":2,"173":2,"174":276,"175":290,"176":1,"177":1,"178":1,"179":1,"180":1,"181":1,"182":1,"183":1,"184":275,"185":290,"186":7,"187":7,"188":7,"189":7,"190":7,"191":7,"192":7,"193":7,"194":268,"195":290,"196":25,"197":25,"198":25,"199":25,"200":25,"201":25,"202":25,"203":25,"204":25,"205":243,"206":290,"207":11,"208":11,"209":11,"210":11,"211":11,"212":11,"213":11,"214":11,"215":11,"216":11,"217":232,"218":290,"219":53,"220":53,"221":53,"222":53,"223":53,"224":53,"225":53,"226":53,"227":53,"228":179,"229":179,"230":179,"231":179,"232":179,"233":179,"234":290,"235":290,"236":290,"237":1,"238":1,"239":30,"240":30,"241":30,"242":30,"243":30,"244":30,"245":290,"246":290,"247":30,"248":30,"249":290,"250":30,"251":30,"252":30,"253":1,"254":268,"255":268,"256":268,"257":268,"258":268,"259":43,"260":268,"261":106,"262":106,"263":106,"264":106,"265":1,"266":1,"267":1,"268":1,"269":1,"270":8,"271":8},"branchMap":{"0":{"type":"branch","line":36,"loc":{"start":{"line":36,"column":0},"end":{"line":44,"column":1}},"locations":[{"start":{"line":36,"column":0},"end":{"line":44,"column":1}}]},"1":{"type":"branch","line":37,"loc":{"start":{"line":37,"column":15},"end":{"line":37,"column":27}},"locations":[{"start":{"line":37,"column":15},"end":{"line":37,"column":27}}]},"2":{"type":"branch","line":37,"loc":{"start":{"line":37,"column":25},"end":{"line":38,"column":31}},"locations":[{"start":{"line":37,"column":25},"end":{"line":38,"column":31}}]},"3":{"type":"branch","line":38,"loc":{"start":{"line":38,"column":24},"end":{"line":38,"column":34}},"locations":[{"start":{"line":38,"column":24},"end":{"line":38,"column":34}}]},"4":{"type":"branch","line":38,"loc":{"start":{"line":38,"column":32},"end":{"line":40,"column":21}},"locations":[{"start":{"line":38,"column":32},"end":{"line":40,"column":21}}]},"5":{"type":"branch","line":40,"loc":{"start":{"line":40,"column":14},"end":{"line":40,"column":24}},"locations":[{"start":{"line":40,"column":14},"end":{"line":40,"column":24}}]},"6":{"type":"branch","line":40,"loc":{"start":{"line":40,"column":22},"end":{"line":44,"column":1}},"locations":[{"start":{"line":40,"column":22},"end":{"line":44,"column":1}}]},"7":{"type":"branch","line":41,"loc":{"start":{"line":41,"column":53},"end":{"line":41,"column":71}},"locations":[{"start":{"line":41,"column":53},"end":{"line":41,"column":71}}]},"8":{"type":"branch","line":46,"loc":{"start":{"line":46,"column":0},"end":{"line":64,"column":1}},"locations":[{"start":{"line":46,"column":0},"end":{"line":64,"column":1}}]},"9":{"type":"branch","line":49,"loc":{"start":{"line":49,"column":47},"end":{"line":56,"column":3}},"locations":[{"start":{"line":49,"column":47},"end":{"line":56,"column":3}}]},"10":{"type":"branch","line":51,"loc":{"start":{"line":51,"column":27},"end":{"line":51,"column":36}},"locations":[{"start":{"line":51,"column":27},"end":{"line":51,"column":36}}]},"11":{"type":"branch","line":53,"loc":{"start":{"line":53,"column":44},"end":{"line":55,"column":5}},"locations":[{"start":{"line":53,"column":44},"end":{"line":55,"column":5}}]},"12":{"type":"branch","line":56,"loc":{"start":{"line":56,"column":2},"end":{"line":59,"column":29}},"locations":[{"start":{"line":56,"column":2},"end":{"line":59,"column":29}}]},"13":{"type":"branch","line":59,"loc":{"start":{"line":59,"column":24},"end":{"line":59,"column":51}},"locations":[{"start":{"line":59,"column":24},"end":{"line":59,"column":51}}]},"14":{"type":"branch","line":59,"loc":{"start":{"line":59,"column":46},"end":{"line":59,"column":73}},"locations":[{"start":{"line":59,"column":46},"end":{"line":59,"column":73}}]},"15":{"type":"branch","line":59,"loc":{"start":{"line":59,"column":68},"end":{"line":59,"column":95}},"locations":[{"start":{"line":59,"column":68},"end":{"line":59,"column":95}}]},"16":{"type":"branch","line":59,"loc":{"start":{"line":59,"column":90},"end":{"line":59,"column":115}},"locations":[{"start":{"line":59,"column":90},"end":{"line":59,"column":115}}]},"17":{"type":"branch","line":59,"loc":{"start":{"line":59,"column":115},"end":{"line":61,"column":3}},"locations":[{"start":{"line":59,"column":115},"end":{"line":61,"column":3}}]},"18":{"type":"branch","line":61,"loc":{"start":{"line":61,"column":2},"end":{"line":64,"column":1}},"locations":[{"start":{"line":61,"column":2},"end":{"line":64,"column":1}}]},"19":{"type":"branch","line":47,"loc":{"start":{"line":47,"column":42},"end":{"line":47,"column":57}},"locations":[{"start":{"line":47,"column":42},"end":{"line":47,"column":57}}]},"20":{"type":"branch","line":53,"loc":{"start":{"line":53,"column":18},"end":{"line":53,"column":41}},"locations":[{"start":{"line":53,"column":18},"end":{"line":53,"column":41}}]},"21":{"type":"branch","line":66,"loc":{"start":{"line":66,"column":0},"end":{"line":98,"column":1}},"locations":[{"start":{"line":66,"column":0},"end":{"line":98,"column":1}}]},"22":{"type":"branch","line":72,"loc":{"start":{"line":72,"column":27},"end":{"line":72,"column":36}},"locations":[{"start":{"line":72,"column":27},"end":{"line":72,"column":36}}]},"23":{"type":"branch","line":74,"loc":{"start":{"line":74,"column":58},"end":{"line":81,"column":5}},"locations":[{"start":{"line":74,"column":58},"end":{"line":81,"column":5}}]},"24":{"type":"branch","line":76,"loc":{"start":{"line":76,"column":27},"end":{"line":79,"column":7}},"locations":[{"start":{"line":76,"column":27},"end":{"line":79,"column":7}}]},"25":{"type":"branch","line":82,"loc":{"start":{"line":82,"column":2},"end":{"line":95,"column":3}},"locations":[{"start":{"line":82,"column":2},"end":{"line":95,"column":3}}]},"26":{"type":"branch","line":88,"loc":{"start":{"line":88,"column":34},"end":{"line":91,"column":5}},"locations":[{"start":{"line":88,"column":34},"end":{"line":91,"column":5}}]},"27":{"type":"branch","line":95,"loc":{"start":{"line":95,"column":2},"end":{"line":98,"column":1}},"locations":[{"start":{"line":95,"column":2},"end":{"line":98,"column":1}}]},"28":{"type":"branch","line":67,"loc":{"start":{"line":67,"column":37},"end":{"line":67,"column":62}},"locations":[{"start":{"line":67,"column":37},"end":{"line":67,"column":62}}]},"29":{"type":"branch","line":68,"loc":{"start":{"line":68,"column":49},"end":{"line":68,"column":60}},"locations":[{"start":{"line":68,"column":49},"end":{"line":68,"column":60}}]},"30":{"type":"branch","line":74,"loc":{"start":{"line":74,"column":18},"end":{"line":74,"column":55}},"locations":[{"start":{"line":74,"column":18},"end":{"line":74,"column":55}}]},"31":{"type":"branch","line":77,"loc":{"start":{"line":77,"column":37},"end":{"line":77,"column":54}},"locations":[{"start":{"line":77,"column":37},"end":{"line":77,"column":54}}]},"32":{"type":"branch","line":85,"loc":{"start":{"line":85,"column":26},"end":{"line":85,"column":37}},"locations":[{"start":{"line":85,"column":26},"end":{"line":85,"column":37}}]},"33":{"type":"branch","line":86,"loc":{"start":{"line":86,"column":29},"end":{"line":86,"column":60}},"locations":[{"start":{"line":86,"column":29},"end":{"line":86,"column":60}}]},"34":{"type":"branch","line":89,"loc":{"start":{"line":89,"column":30},"end":{"line":89,"column":47}},"locations":[{"start":{"line":89,"column":30},"end":{"line":89,"column":47}}]},"35":{"type":"branch","line":92,"loc":{"start":{"line":92,"column":27},"end":{"line":92,"column":45}},"locations":[{"start":{"line":92,"column":27},"end":{"line":92,"column":45}}]},"36":{"type":"branch","line":100,"loc":{"start":{"line":100,"column":0},"end":{"line":102,"column":1}},"locations":[{"start":{"line":100,"column":0},"end":{"line":102,"column":1}}]},"37":{"type":"branch","line":104,"loc":{"start":{"line":104,"column":0},"end":{"line":237,"column":1}},"locations":[{"start":{"line":104,"column":0},"end":{"line":237,"column":1}}]},"38":{"type":"branch","line":113,"loc":{"start":{"line":113,"column":25},"end":{"line":115,"column":3}},"locations":[{"start":{"line":113,"column":25},"end":{"line":115,"column":3}}]},"39":{"type":"branch","line":114,"loc":{"start":{"line":114,"column":37},"end":{"line":114,"column":47}},"locations":[{"start":{"line":114,"column":37},"end":{"line":114,"column":47}}]},"40":{"type":"branch","line":119,"loc":{"start":{"line":119,"column":6},"end":{"line":119,"column":29}},"locations":[{"start":{"line":119,"column":6},"end":{"line":119,"column":29}}]},"41":{"type":"branch","line":119,"loc":{"start":{"line":119,"column":29},"end":{"line":135,"column":3}},"locations":[{"start":{"line":119,"column":29},"end":{"line":135,"column":3}}]},"42":{"type":"branch","line":121,"loc":{"start":{"line":121,"column":29},"end":{"line":135,"column":3}},"locations":[{"start":{"line":121,"column":29},"end":{"line":135,"column":3}}]},"43":{"type":"branch","line":135,"loc":{"start":{"line":135,"column":2},"end":{"line":142,"column":11}},"locations":[{"start":{"line":135,"column":2},"end":{"line":142,"column":11}}]},"44":{"type":"branch","line":142,"loc":{"start":{"line":142,"column":11},"end":{"line":150,"column":3}},"locations":[{"start":{"line":142,"column":11},"end":{"line":150,"column":3}}]},"45":{"type":"branch","line":150,"loc":{"start":{"line":150,"column":2},"end":{"line":152,"column":19}},"locations":[{"start":{"line":150,"column":2},"end":{"line":152,"column":19}}]},"46":{"type":"branch","line":152,"loc":{"start":{"line":152,"column":19},"end":{"line":165,"column":3}},"locations":[{"start":{"line":152,"column":19},"end":{"line":165,"column":3}}]},"47":{"type":"branch","line":154,"loc":{"start":{"line":154,"column":25},"end":{"line":154,"column":32}},"locations":[{"start":{"line":154,"column":25},"end":{"line":154,"column":32}}]},"48":{"type":"branch","line":165,"loc":{"start":{"line":165,"column":2},"end":{"line":167,"column":21}},"locations":[{"start":{"line":165,"column":2},"end":{"line":167,"column":21}}]},"49":{"type":"branch","line":167,"loc":{"start":{"line":167,"column":16},"end":{"line":167,"column":27}},"locations":[{"start":{"line":167,"column":16},"end":{"line":167,"column":27}}]},"50":{"type":"branch","line":167,"loc":{"start":{"line":167,"column":21},"end":{"line":167,"column":40}},"locations":[{"start":{"line":167,"column":21},"end":{"line":167,"column":40}}]},"51":{"type":"branch","line":167,"loc":{"start":{"line":167,"column":40},"end":{"line":174,"column":3}},"locations":[{"start":{"line":167,"column":40},"end":{"line":174,"column":3}}]},"52":{"type":"branch","line":174,"loc":{"start":{"line":174,"column":2},"end":{"line":176,"column":15}},"locations":[{"start":{"line":174,"column":2},"end":{"line":176,"column":15}}]},"53":{"type":"branch","line":176,"loc":{"start":{"line":176,"column":15},"end":{"line":184,"column":3}},"locations":[{"start":{"line":176,"column":15},"end":{"line":184,"column":3}}]},"54":{"type":"branch","line":184,"loc":{"start":{"line":184,"column":2},"end":{"line":186,"column":18}},"locations":[{"start":{"line":184,"column":2},"end":{"line":186,"column":18}}]},"55":{"type":"branch","line":186,"loc":{"start":{"line":186,"column":18},"end":{"line":194,"column":3}},"locations":[{"start":{"line":186,"column":18},"end":{"line":194,"column":3}}]},"56":{"type":"branch","line":194,"loc":{"start":{"line":194,"column":2},"end":{"line":196,"column":19}},"locations":[{"start":{"line":194,"column":2},"end":{"line":196,"column":19}}]},"57":{"type":"branch","line":196,"loc":{"start":{"line":196,"column":19},"end":{"line":205,"column":3}},"locations":[{"start":{"line":196,"column":19},"end":{"line":205,"column":3}}]},"58":{"type":"branch","line":198,"loc":{"start":{"line":198,"column":27},"end":{"line":198,"column":35}},"locations":[{"start":{"line":198,"column":27},"end":{"line":198,"column":35}}]},"59":{"type":"branch","line":198,"loc":{"start":{"line":198,"column":41},"end":{"line":198,"column":47}},"locations":[{"start":{"line":198,"column":41},"end":{"line":198,"column":47}}]},"60":{"type":"branch","line":205,"loc":{"start":{"line":205,"column":2},"end":{"line":207,"column":21}},"locations":[{"start":{"line":205,"column":2},"end":{"line":207,"column":21}}]},"61":{"type":"branch","line":207,"loc":{"start":{"line":207,"column":16},"end":{"line":207,"column":27}},"locations":[{"start":{"line":207,"column":16},"end":{"line":207,"column":27}}]},"62":{"type":"branch","line":207,"loc":{"start":{"line":207,"column":21},"end":{"line":207,"column":40}},"locations":[{"start":{"line":207,"column":21},"end":{"line":207,"column":40}}]},"63":{"type":"branch","line":207,"loc":{"start":{"line":207,"column":40},"end":{"line":217,"column":3}},"locations":[{"start":{"line":207,"column":40},"end":{"line":217,"column":3}}]},"64":{"type":"branch","line":210,"loc":{"start":{"line":210,"column":25},"end":{"line":210,"column":32}},"locations":[{"start":{"line":210,"column":25},"end":{"line":210,"column":32}}]},"65":{"type":"branch","line":217,"loc":{"start":{"line":217,"column":2},"end":{"line":219,"column":19}},"locations":[{"start":{"line":217,"column":2},"end":{"line":219,"column":19}}]},"66":{"type":"branch","line":219,"loc":{"start":{"line":219,"column":19},"end":{"line":228,"column":3}},"locations":[{"start":{"line":219,"column":19},"end":{"line":228,"column":3}}]},"67":{"type":"branch","line":221,"loc":{"start":{"line":221,"column":27},"end":{"line":221,"column":35}},"locations":[{"start":{"line":221,"column":27},"end":{"line":221,"column":35}}]},"68":{"type":"branch","line":221,"loc":{"start":{"line":221,"column":41},"end":{"line":221,"column":49}},"locations":[{"start":{"line":221,"column":41},"end":{"line":221,"column":49}}]},"69":{"type":"branch","line":221,"loc":{"start":{"line":221,"column":55},"end":{"line":221,"column":61}},"locations":[{"start":{"line":221,"column":55},"end":{"line":221,"column":61}}]},"70":{"type":"branch","line":228,"loc":{"start":{"line":228,"column":2},"end":{"line":235,"column":63}},"locations":[{"start":{"line":228,"column":2},"end":{"line":235,"column":63}}]},"71":{"type":"branch","line":235,"loc":{"start":{"line":235,"column":55},"end":{"line":235,"column":64}},"locations":[{"start":{"line":235,"column":55},"end":{"line":235,"column":64}}]},"72":{"type":"branch","line":105,"loc":{"start":{"line":105,"column":25},"end":{"line":105,"column":36}},"locations":[{"start":{"line":105,"column":25},"end":{"line":105,"column":36}}]},"73":{"type":"branch","line":105,"loc":{"start":{"line":105,"column":43},"end":{"line":105,"column":58}},"locations":[{"start":{"line":105,"column":43},"end":{"line":105,"column":58}}]},"74":{"type":"branch","line":106,"loc":{"start":{"line":106,"column":25},"end":{"line":106,"column":36}},"locations":[{"start":{"line":106,"column":25},"end":{"line":106,"column":36}}]},"75":{"type":"branch","line":108,"loc":{"start":{"line":108,"column":30},"end":{"line":108,"column":49}},"locations":[{"start":{"line":108,"column":30},"end":{"line":108,"column":49}}]},"76":{"type":"branch","line":117,"loc":{"start":{"line":117,"column":47},"end":{"line":117,"column":83}},"locations":[{"start":{"line":117,"column":47},"end":{"line":117,"column":83}}]},"77":{"type":"branch","line":117,"loc":{"start":{"line":117,"column":67},"end":{"line":117,"column":83}},"locations":[{"start":{"line":117,"column":67},"end":{"line":117,"column":83}}]},"78":{"type":"branch","line":158,"loc":{"start":{"line":158,"column":31},"end":{"line":162,"column":7}},"locations":[{"start":{"line":158,"column":31},"end":{"line":162,"column":7}}]},"79":{"type":"branch","line":159,"loc":{"start":{"line":159,"column":23},"end":{"line":159,"column":56}},"locations":[{"start":{"line":159,"column":23},"end":{"line":159,"column":56}}]},"80":{"type":"branch","line":159,"loc":{"start":{"line":159,"column":56},"end":{"line":159,"column":66}},"locations":[{"start":{"line":159,"column":56},"end":{"line":159,"column":66}}]},"81":{"type":"branch","line":160,"loc":{"start":{"line":160,"column":56},"end":{"line":160,"column":65}},"locations":[{"start":{"line":160,"column":56},"end":{"line":160,"column":65}}]},"82":{"type":"branch","line":160,"loc":{"start":{"line":160,"column":63},"end":{"line":161,"column":31}},"locations":[{"start":{"line":160,"column":63},"end":{"line":161,"column":31}}]},"83":{"type":"branch","line":177,"loc":{"start":{"line":177,"column":34},"end":{"line":177,"column":59}},"locations":[{"start":{"line":177,"column":34},"end":{"line":177,"column":59}}]},"84":{"type":"branch","line":180,"loc":{"start":{"line":180,"column":30},"end":{"line":180,"column":41}},"locations":[{"start":{"line":180,"column":30},"end":{"line":180,"column":41}}]},"85":{"type":"branch","line":198,"loc":{"start":{"line":198,"column":54},"end":{"line":198,"column":69}},"locations":[{"start":{"line":198,"column":54},"end":{"line":198,"column":69}}]},"86":{"type":"branch","line":221,"loc":{"start":{"line":221,"column":68},"end":{"line":221,"column":83}},"locations":[{"start":{"line":221,"column":68},"end":{"line":221,"column":83}}]},"87":{"type":"branch","line":230,"loc":{"start":{"line":230,"column":32},"end":{"line":230,"column":57}},"locations":[{"start":{"line":230,"column":32},"end":{"line":230,"column":57}}]},"88":{"type":"branch","line":233,"loc":{"start":{"line":233,"column":28},"end":{"line":233,"column":39}},"locations":[{"start":{"line":233,"column":28},"end":{"line":233,"column":39}}]},"89":{"type":"branch","line":239,"loc":{"start":{"line":239,"column":7},"end":{"line":253,"column":1}},"locations":[{"start":{"line":239,"column":7},"end":{"line":253,"column":1}}]},"90":{"type":"branch","line":240,"loc":{"start":{"line":240,"column":24},"end":{"line":240,"column":65}},"locations":[{"start":{"line":240,"column":24},"end":{"line":240,"column":65}}]},"91":{"type":"branch","line":242,"loc":{"start":{"line":242,"column":34},"end":{"line":242,"column":48}},"locations":[{"start":{"line":242,"column":34},"end":{"line":242,"column":48}}]},"92":{"type":"branch","line":242,"loc":{"start":{"line":242,"column":44},"end":{"line":242,"column":74}},"locations":[{"start":{"line":242,"column":44},"end":{"line":242,"column":74}}]},"93":{"type":"branch","line":245,"loc":{"start":{"line":245,"column":30},"end":{"line":250,"column":3}},"locations":[{"start":{"line":245,"column":30},"end":{"line":250,"column":3}}]},"94":{"type":"branch","line":247,"loc":{"start":{"line":247,"column":9},"end":{"line":247,"column":55}},"locations":[{"start":{"line":247,"column":9},"end":{"line":247,"column":55}}]},"95":{"type":"branch","line":247,"loc":{"start":{"line":247,"column":55},"end":{"line":249,"column":5}},"locations":[{"start":{"line":247,"column":55},"end":{"line":249,"column":5}}]},"96":{"type":"branch","line":255,"loc":{"start":{"line":255,"column":0},"end":{"line":268,"column":1}},"locations":[{"start":{"line":255,"column":0},"end":{"line":268,"column":1}}]},"97":{"type":"branch","line":259,"loc":{"start":{"line":259,"column":23},"end":{"line":259,"column":53}},"locations":[{"start":{"line":259,"column":23},"end":{"line":259,"column":53}}]},"98":{"type":"branch","line":259,"loc":{"start":{"line":259,"column":38},"end":{"line":259,"column":50}},"locations":[{"start":{"line":259,"column":38},"end":{"line":259,"column":50}}]},"99":{"type":"branch","line":259,"loc":{"start":{"line":259,"column":46},"end":{"line":259,"column":53}},"locations":[{"start":{"line":259,"column":46},"end":{"line":259,"column":53}}]},"100":{"type":"branch","line":259,"loc":{"start":{"line":259,"column":50},"end":{"line":261,"column":81}},"locations":[{"start":{"line":259,"column":50},"end":{"line":261,"column":81}}]},"101":{"type":"branch","line":261,"loc":{"start":{"line":261,"column":81},"end":{"line":265,"column":3}},"locations":[{"start":{"line":261,"column":81},"end":{"line":265,"column":3}}]},"102":{"type":"branch","line":262,"loc":{"start":{"line":262,"column":30},"end":{"line":262,"column":37}},"locations":[{"start":{"line":262,"column":30},"end":{"line":262,"column":37}}]},"103":{"type":"branch","line":263,"loc":{"start":{"line":263,"column":30},"end":{"line":263,"column":37}},"locations":[{"start":{"line":263,"column":30},"end":{"line":263,"column":37}}]},"104":{"type":"branch","line":264,"loc":{"start":{"line":264,"column":19},"end":{"line":264,"column":43}},"locations":[{"start":{"line":264,"column":19},"end":{"line":264,"column":43}}]},"105":{"type":"branch","line":264,"loc":{"start":{"line":264,"column":31},"end":{"line":264,"column":40}},"locations":[{"start":{"line":264,"column":31},"end":{"line":264,"column":40}}]},"106":{"type":"branch","line":264,"loc":{"start":{"line":264,"column":36},"end":{"line":264,"column":43}},"locations":[{"start":{"line":264,"column":36},"end":{"line":264,"column":43}}]},"107":{"type":"branch","line":265,"loc":{"start":{"line":265,"column":2},"end":{"line":268,"column":1}},"locations":[{"start":{"line":265,"column":2},"end":{"line":268,"column":1}}]},"108":{"type":"branch","line":270,"loc":{"start":{"line":270,"column":7},"end":{"line":272,"column":1}},"locations":[{"start":{"line":270,"column":7},"end":{"line":272,"column":1}}]}},"b":{"0":[1443],"1":[273],"2":[1170],"3":[455],"4":[715],"5":[0],"6":[715],"7":[1365],"8":[290],"9":[195],"10":[0],"11":[12],"12":[183],"13":[122],"14":[82],"15":[43],"16":[10],"17":[3],"18":[275],"19":[1017],"20":[520],"21":[15],"22":[0],"23":[12],"24":[60],"25":[3],"26":[12],"27":[0],"28":[75],"29":[75],"30":[66],"31":[180],"32":[15],"33":[15],"34":[42],"35":[3],"36":[290],"37":[290],"38":[1450],"39":[1307],"40":[9],"41":[8],"42":[4],"43":[282],"44":[0],"45":[282],"46":[4],"47":[0],"48":[278],"49":[27],"50":[27],"51":[2],"52":[276],"53":[1],"54":[275],"55":[7],"56":[268],"57":[25],"58":[0],"59":[0],"60":[243],"61":[64],"62":[64],"63":[11],"64":[0],"65":[232],"66":[53],"67":[0],"68":[0],"69":[0],"70":[179],"71":[0],"72":[1450],"73":[1731],"74":[1450],"75":[857],"76":[1110],"77":[958],"78":[16],"79":[12],"80":[0],"81":[4],"82":[12],"83":[4],"84":[5],"85":[25],"86":[106],"87":[1076],"88":[895],"89":[30],"90":[0],"91":[17],"92":[13],"93":[290],"94":[260],"95":[30],"96":[268],"97":[225],"98":[3],"99":[222],"100":[43],"101":[106],"102":[0],"103":[0],"104":[42],"105":[3],"106":[39],"107":[1],"108":[8]},"fnMap":{"0":{"name":"getCombinations","decl":{"start":{"line":36,"column":0},"end":{"line":44,"column":1}},"loc":{"start":{"line":36,"column":0},"end":{"line":44,"column":1}},"line":36},"1":{"name":"getStraightHighCard","decl":{"start":{"line":46,"column":0},"end":{"line":64,"column":1}},"loc":{"start":{"line":46,"column":0},"end":{"line":64,"column":1}},"line":46},"2":{"name":"getStraightCards","decl":{"start":{"line":66,"column":0},"end":{"line":98,"column":1}},"loc":{"start":{"line":66,"column":0},"end":{"line":98,"column":1}},"line":66},"3":{"name":"catName","decl":{"start":{"line":100,"column":0},"end":{"line":102,"column":1}},"loc":{"start":{"line":100,"column":0},"end":{"line":102,"column":1}},"line":100},"4":{"name":"evaluate5","decl":{"start":{"line":104,"column":0},"end":{"line":237,"column":1}},"loc":{"start":{"line":104,"column":0},"end":{"line":237,"column":1}},"line":104},"5":{"name":"evaluateHand","decl":{"start":{"line":239,"column":7},"end":{"line":253,"column":1}},"loc":{"start":{"line":239,"column":7},"end":{"line":253,"column":1}},"line":239},"6":{"name":"compareHandResults","decl":{"start":{"line":255,"column":0},"end":{"line":268,"column":1}},"loc":{"start":{"line":255,"column":0},"end":{"line":268,"column":1}},"line":255},"7":{"name":"compareHands","decl":{"start":{"line":270,"column":7},"end":{"line":272,"column":1}},"loc":{"start":{"line":270,"column":7},"end":{"line":272,"column":1}},"line":270}},"f":{"0":1443,"1":290,"2":15,"3":290,"4":290,"5":30,"6":268,"7":8}}
,"/Users/zhashuo/Projects/PokerGame/packages/engine/src/handState.ts": {"path":"/Users/zhashuo/Projects/PokerGame/packages/engine/src/handState.ts","all":false,"statementMap":{"0":{"start":{"line":1,"column":0},"end":{"line":1,"column":62}},"1":{"start":{"line":2,"column":0},"end":{"line":2,"column":50}},"2":{"start":{"line":3,"column":0},"end":{"line":3,"column":41}},"3":{"start":{"line":4,"column":0},"end":{"line":4,"column":0}},"4":{"start":{"line":5,"column":0},"end":{"line":5,"column":34}},"5":{"start":{"line":6,"column":0},"end":{"line":6,"column":19}},"6":{"start":{"line":7,"column":0},"end":{"line":7,"column":20}},"7":{"start":{"line":8,"column":0},"end":{"line":8,"column":16}},"8":{"start":{"line":9,"column":0},"end":{"line":9,"column":27}},"9":{"start":{"line":10,"column":0},"end":{"line":10,"column":27}},"10":{"start":{"line":11,"column":0},"end":{"line":11,"column":51}},"11":{"start":{"line":12,"column":0},"end":{"line":12,"column":33}},"12":{"start":{"line":13,"column":0},"end":{"line":13,"column":1}},"13":{"start":{"line":14,"column":0},"end":{"line":14,"column":0}},"14":{"start":{"line":15,"column":0},"end":{"line":15,"column":28}},"15":{"start":{"line":16,"column":0},"end":{"line":16,"column":21}},"16":{"start":{"line":17,"column":0},"end":{"line":17,"column":17}},"17":{"start":{"line":18,"column":0},"end":{"line":18,"column":29}},"18":{"start":{"line":19,"column":0},"end":{"line":19,"column":16}},"19":{"start":{"line":20,"column":0},"end":{"line":20,"column":15}},"20":{"start":{"line":21,"column":0},"end":{"line":21,"column":21}},"21":{"start":{"line":22,"column":0},"end":{"line":22,"column":17}},"22":{"start":{"line":23,"column":0},"end":{"line":23,"column":17}},"23":{"start":{"line":24,"column":0},"end":{"line":24,"column":29}},"24":{"start":{"line":25,"column":0},"end":{"line":25,"column":26}},"25":{"start":{"line":26,"column":0},"end":{"line":26,"column":26}},"26":{"start":{"line":27,"column":0},"end":{"line":27,"column":19}},"27":{"start":{"line":28,"column":0},"end":{"line":28,"column":19}},"28":{"start":{"line":29,"column":0},"end":{"line":29,"column":60}},"29":{"start":{"line":30,"column":0},"end":{"line":30,"column":38}},"30":{"start":{"line":31,"column":0},"end":{"line":31,"column":14}},"31":{"start":{"line":32,"column":0},"end":{"line":32,"column":26}},"32":{"start":{"line":33,"column":0},"end":{"line":33,"column":22}},"33":{"start":{"line":34,"column":0},"end":{"line":34,"column":20}},"34":{"start":{"line":35,"column":0},"end":{"line":35,"column":1}},"35":{"start":{"line":36,"column":0},"end":{"line":36,"column":0}},"36":{"start":{"line":37,"column":0},"end":{"line":37,"column":31}},"37":{"start":{"line":38,"column":0},"end":{"line":38,"column":19}},"38":{"start":{"line":39,"column":0},"end":{"line":39,"column":19}},"39":{"start":{"line":40,"column":0},"end":{"line":40,"column":18}},"40":{"start":{"line":41,"column":0},"end":{"line":41,"column":17}},"41":{"start":{"line":42,"column":0},"end":{"line":42,"column":1}},"42":{"start":{"line":43,"column":0},"end":{"line":43,"column":0}},"43":{"start":{"line":44,"column":0},"end":{"line":44,"column":29}},"44":{"start":{"line":45,"column":0},"end":{"line":45,"column":19}},"45":{"start":{"line":46,"column":0},"end":{"line":46,"column":18}},"46":{"start":{"line":47,"column":0},"end":{"line":47,"column":1}},"47":{"start":{"line":48,"column":0},"end":{"line":48,"column":0}},"48":{"start":{"line":49,"column":0},"end":{"line":49,"column":30}},"49":{"start":{"line":50,"column":0},"end":{"line":50,"column":19}},"50":{"start":{"line":51,"column":0},"end":{"line":51,"column":21}},"51":{"start":{"line":52,"column":0},"end":{"line":52,"column":21}},"52":{"start":{"line":53,"column":0},"end":{"line":53,"column":1}},"53":{"start":{"line":54,"column":0},"end":{"line":54,"column":0}},"54":{"start":{"line":55,"column":0},"end":{"line":55,"column":80}},"55":{"start":{"line":56,"column":0},"end":{"line":56,"column":0}},"56":{"start":{"line":57,"column":0},"end":{"line":57,"column":40}},"57":{"start":{"line":58,"column":0},"end":{"line":58,"column":38}},"58":{"start":{"line":59,"column":0},"end":{"line":59,"column":45}},"59":{"start":{"line":60,"column":0},"end":{"line":60,"column":1}},"60":{"start":{"line":61,"column":0},"end":{"line":61,"column":0}},"61":{"start":{"line":62,"column":0},"end":{"line":62,"column":62}},"62":{"start":{"line":63,"column":0},"end":{"line":63,"column":58}},"63":{"start":{"line":64,"column":0},"end":{"line":64,"column":1}},"64":{"start":{"line":65,"column":0},"end":{"line":65,"column":0}},"65":{"start":{"line":66,"column":0},"end":{"line":66,"column":46}},"66":{"start":{"line":67,"column":0},"end":{"line":67,"column":65}},"67":{"start":{"line":68,"column":0},"end":{"line":68,"column":1}},"68":{"start":{"line":69,"column":0},"end":{"line":69,"column":0}},"69":{"start":{"line":70,"column":0},"end":{"line":70,"column":81}},"70":{"start":{"line":71,"column":0},"end":{"line":71,"column":34}},"71":{"start":{"line":72,"column":0},"end":{"line":72,"column":0}},"72":{"start":{"line":73,"column":0},"end":{"line":73,"column":57}},"73":{"start":{"line":74,"column":0},"end":{"line":74,"column":57}},"74":{"start":{"line":75,"column":0},"end":{"line":75,"column":44}},"75":{"start":{"line":76,"column":0},"end":{"line":76,"column":0}},"76":{"start":{"line":77,"column":0},"end":{"line":77,"column":34}},"77":{"start":{"line":78,"column":0},"end":{"line":78,"column":50}},"78":{"start":{"line":79,"column":0},"end":{"line":79,"column":36}},"79":{"start":{"line":80,"column":0},"end":{"line":80,"column":0}},"80":{"start":{"line":81,"column":0},"end":{"line":81,"column":33}},"81":{"start":{"line":82,"column":0},"end":{"line":82,"column":0}},"82":{"start":{"line":83,"column":0},"end":{"line":83,"column":21}},"83":{"start":{"line":84,"column":0},"end":{"line":84,"column":36}},"84":{"start":{"line":85,"column":0},"end":{"line":85,"column":38}},"85":{"start":{"line":86,"column":0},"end":{"line":86,"column":86}},"86":{"start":{"line":87,"column":0},"end":{"line":87,"column":10}},"87":{"start":{"line":88,"column":0},"end":{"line":88,"column":73}},"88":{"start":{"line":89,"column":0},"end":{"line":89,"column":3}},"89":{"start":{"line":90,"column":0},"end":{"line":90,"column":0}},"90":{"start":{"line":91,"column":0},"end":{"line":91,"column":48}},"91":{"start":{"line":92,"column":0},"end":{"line":92,"column":69}},"92":{"start":{"line":93,"column":0},"end":{"line":93,"column":0}},"93":{"start":{"line":94,"column":0},"end":{"line":94,"column":30}},"94":{"start":{"line":95,"column":0},"end":{"line":95,"column":44}},"95":{"start":{"line":96,"column":0},"end":{"line":96,"column":20}},"96":{"start":{"line":97,"column":0},"end":{"line":97,"column":22}},"97":{"start":{"line":98,"column":0},"end":{"line":98,"column":38}},"98":{"start":{"line":99,"column":0},"end":{"line":99,"column":32}},"99":{"start":{"line":100,"column":0},"end":{"line":100,"column":9}},"100":{"start":{"line":101,"column":0},"end":{"line":101,"column":5}},"101":{"start":{"line":102,"column":0},"end":{"line":102,"column":86}},"102":{"start":{"line":103,"column":0},"end":{"line":103,"column":3}},"103":{"start":{"line":104,"column":0},"end":{"line":104,"column":0}},"104":{"start":{"line":105,"column":0},"end":{"line":105,"column":17}},"105":{"start":{"line":106,"column":0},"end":{"line":106,"column":1}},"106":{"start":{"line":107,"column":0},"end":{"line":107,"column":0}},"107":{"start":{"line":108,"column":0},"end":{"line":108,"column":96}},"108":{"start":{"line":109,"column":0},"end":{"line":109,"column":74}},"109":{"start":{"line":110,"column":0},"end":{"line":110,"column":60}},"110":{"start":{"line":111,"column":0},"end":{"line":111,"column":79}},"111":{"start":{"line":112,"column":0},"end":{"line":112,"column":0}},"112":{"start":{"line":113,"column":0},"end":{"line":113,"column":43}},"113":{"start":{"line":114,"column":0},"end":{"line":114,"column":56}},"114":{"start":{"line":115,"column":0},"end":{"line":115,"column":43}},"115":{"start":{"line":116,"column":0},"end":{"line":116,"column":0}},"116":{"start":{"line":117,"column":0},"end":{"line":117,"column":34}},"117":{"start":{"line":118,"column":0},"end":{"line":118,"column":50}},"118":{"start":{"line":119,"column":0},"end":{"line":119,"column":40}},"119":{"start":{"line":120,"column":0},"end":{"line":120,"column":0}},"120":{"start":{"line":121,"column":0},"end":{"line":121,"column":24}},"121":{"start":{"line":122,"column":0},"end":{"line":122,"column":18}},"122":{"start":{"line":123,"column":0},"end":{"line":123,"column":34}},"123":{"start":{"line":124,"column":0},"end":{"line":124,"column":72}},"124":{"start":{"line":125,"column":0},"end":{"line":125,"column":26}},"125":{"start":{"line":126,"column":0},"end":{"line":126,"column":17}},"126":{"start":{"line":127,"column":0},"end":{"line":127,"column":28}},"127":{"start":{"line":128,"column":0},"end":{"line":128,"column":28}},"128":{"start":{"line":129,"column":0},"end":{"line":129,"column":57}},"129":{"start":{"line":130,"column":0},"end":{"line":130,"column":9}},"130":{"start":{"line":131,"column":0},"end":{"line":131,"column":5}},"131":{"start":{"line":132,"column":0},"end":{"line":132,"column":19}},"132":{"start":{"line":133,"column":0},"end":{"line":133,"column":76}},"133":{"start":{"line":134,"column":0},"end":{"line":134,"column":73}},"134":{"start":{"line":135,"column":0},"end":{"line":135,"column":26}},"135":{"start":{"line":136,"column":0},"end":{"line":136,"column":17}},"136":{"start":{"line":137,"column":0},"end":{"line":137,"column":28}},"137":{"start":{"line":138,"column":0},"end":{"line":138,"column":28}},"138":{"start":{"line":139,"column":0},"end":{"line":139,"column":9}},"139":{"start":{"line":140,"column":0},"end":{"line":140,"column":5}},"140":{"start":{"line":141,"column":0},"end":{"line":141,"column":18}},"141":{"start":{"line":142,"column":0},"end":{"line":142,"column":59}},"142":{"start":{"line":143,"column":0},"end":{"line":143,"column":36}},"143":{"start":{"line":144,"column":0},"end":{"line":144,"column":47}},"144":{"start":{"line":145,"column":0},"end":{"line":145,"column":47}},"145":{"start":{"line":146,"column":0},"end":{"line":146,"column":60}},"146":{"start":{"line":147,"column":0},"end":{"line":147,"column":92}},"147":{"start":{"line":148,"column":0},"end":{"line":148,"column":26}},"148":{"start":{"line":149,"column":0},"end":{"line":149,"column":17}},"149":{"start":{"line":150,"column":0},"end":{"line":150,"column":28}},"150":{"start":{"line":151,"column":0},"end":{"line":151,"column":28}},"151":{"start":{"line":152,"column":0},"end":{"line":152,"column":9}},"152":{"start":{"line":153,"column":0},"end":{"line":153,"column":5}},"153":{"start":{"line":154,"column":0},"end":{"line":154,"column":19}},"154":{"start":{"line":155,"column":0},"end":{"line":155,"column":80}},"155":{"start":{"line":156,"column":0},"end":{"line":156,"column":39}},"156":{"start":{"line":157,"column":0},"end":{"line":157,"column":63}},"157":{"start":{"line":158,"column":0},"end":{"line":158,"column":50}},"158":{"start":{"line":159,"column":0},"end":{"line":159,"column":118}},"159":{"start":{"line":160,"column":0},"end":{"line":160,"column":36}},"160":{"start":{"line":161,"column":0},"end":{"line":161,"column":47}},"161":{"start":{"line":162,"column":0},"end":{"line":162,"column":47}},"162":{"start":{"line":163,"column":0},"end":{"line":163,"column":60}},"163":{"start":{"line":164,"column":0},"end":{"line":164,"column":93}},"164":{"start":{"line":165,"column":0},"end":{"line":165,"column":35}},"165":{"start":{"line":166,"column":0},"end":{"line":166,"column":26}},"166":{"start":{"line":167,"column":0},"end":{"line":167,"column":17}},"167":{"start":{"line":168,"column":0},"end":{"line":168,"column":28}},"168":{"start":{"line":169,"column":0},"end":{"line":169,"column":35}},"169":{"start":{"line":170,"column":0},"end":{"line":170,"column":40}},"170":{"start":{"line":171,"column":0},"end":{"line":171,"column":33}},"171":{"start":{"line":172,"column":0},"end":{"line":172,"column":41}},"172":{"start":{"line":173,"column":0},"end":{"line":173,"column":28}},"173":{"start":{"line":174,"column":0},"end":{"line":174,"column":9}},"174":{"start":{"line":175,"column":0},"end":{"line":175,"column":5}},"175":{"start":{"line":176,"column":0},"end":{"line":176,"column":19}},"176":{"start":{"line":177,"column":0},"end":{"line":177,"column":42}},"177":{"start":{"line":178,"column":0},"end":{"line":178,"column":26}},"178":{"start":{"line":179,"column":0},"end":{"line":179,"column":48}},"179":{"start":{"line":180,"column":0},"end":{"line":180,"column":48}},"180":{"start":{"line":181,"column":0},"end":{"line":181,"column":33}},"181":{"start":{"line":182,"column":0},"end":{"line":182,"column":0}},"182":{"start":{"line":183,"column":0},"end":{"line":183,"column":64}},"183":{"start":{"line":184,"column":0},"end":{"line":184,"column":94}},"184":{"start":{"line":185,"column":0},"end":{"line":185,"column":0}},"185":{"start":{"line":186,"column":0},"end":{"line":186,"column":33}},"186":{"start":{"line":187,"column":0},"end":{"line":187,"column":52}},"187":{"start":{"line":188,"column":0},"end":{"line":188,"column":47}},"188":{"start":{"line":189,"column":0},"end":{"line":189,"column":26}},"189":{"start":{"line":190,"column":0},"end":{"line":190,"column":30}},"190":{"start":{"line":191,"column":0},"end":{"line":191,"column":21}},"191":{"start":{"line":192,"column":0},"end":{"line":192,"column":32}},"192":{"start":{"line":193,"column":0},"end":{"line":193,"column":39}},"193":{"start":{"line":194,"column":0},"end":{"line":194,"column":44}},"194":{"start":{"line":195,"column":0},"end":{"line":195,"column":37}},"195":{"start":{"line":196,"column":0},"end":{"line":196,"column":45}},"196":{"start":{"line":197,"column":0},"end":{"line":197,"column":32}},"197":{"start":{"line":198,"column":0},"end":{"line":198,"column":13}},"198":{"start":{"line":199,"column":0},"end":{"line":199,"column":9}},"199":{"start":{"line":200,"column":0},"end":{"line":200,"column":7}},"200":{"start":{"line":201,"column":0},"end":{"line":201,"column":29}},"201":{"start":{"line":202,"column":0},"end":{"line":202,"column":26}},"202":{"start":{"line":203,"column":0},"end":{"line":203,"column":17}},"203":{"start":{"line":204,"column":0},"end":{"line":204,"column":28}},"204":{"start":{"line":205,"column":0},"end":{"line":205,"column":28}},"205":{"start":{"line":206,"column":0},"end":{"line":206,"column":9}},"206":{"start":{"line":207,"column":0},"end":{"line":207,"column":5}},"207":{"start":{"line":208,"column":0},"end":{"line":208,"column":3}},"208":{"start":{"line":209,"column":0},"end":{"line":209,"column":1}},"209":{"start":{"line":210,"column":0},"end":{"line":210,"column":0}},"210":{"start":{"line":211,"column":0},"end":{"line":211,"column":51}},"211":{"start":{"line":212,"column":0},"end":{"line":212,"column":94}},"212":{"start":{"line":213,"column":0},"end":{"line":213,"column":0}},"213":{"start":{"line":214,"column":0},"end":{"line":214,"column":31}},"214":{"start":{"line":215,"column":0},"end":{"line":215,"column":55}},"215":{"start":{"line":216,"column":0},"end":{"line":216,"column":3}},"216":{"start":{"line":217,"column":0},"end":{"line":217,"column":0}},"217":{"start":{"line":218,"column":0},"end":{"line":218,"column":32}},"218":{"start":{"line":219,"column":0},"end":{"line":219,"column":32}},"219":{"start":{"line":220,"column":0},"end":{"line":220,"column":3}},"220":{"start":{"line":221,"column":0},"end":{"line":221,"column":0}},"221":{"start":{"line":222,"column":0},"end":{"line":222,"column":46}},"222":{"start":{"line":223,"column":0},"end":{"line":223,"column":23}},"223":{"start":{"line":224,"column":0},"end":{"line":224,"column":32}},"224":{"start":{"line":225,"column":0},"end":{"line":225,"column":3}},"225":{"start":{"line":226,"column":0},"end":{"line":226,"column":0}},"226":{"start":{"line":227,"column":0},"end":{"line":227,"column":51}},"227":{"start":{"line":228,"column":0},"end":{"line":228,"column":1}},"228":{"start":{"line":229,"column":0},"end":{"line":229,"column":0}},"229":{"start":{"line":230,"column":0},"end":{"line":230,"column":54}},"230":{"start":{"line":231,"column":0},"end":{"line":231,"column":39}},"231":{"start":{"line":232,"column":0},"end":{"line":232,"column":39}},"232":{"start":{"line":233,"column":0},"end":{"line":233,"column":0}},"233":{"start":{"line":234,"column":0},"end":{"line":234,"column":34}},"234":{"start":{"line":235,"column":0},"end":{"line":235,"column":41}},"235":{"start":{"line":236,"column":0},"end":{"line":236,"column":64}},"236":{"start":{"line":237,"column":0},"end":{"line":237,"column":71}},"237":{"start":{"line":238,"column":0},"end":{"line":238,"column":0}},"238":{"start":{"line":239,"column":0},"end":{"line":239,"column":39}},"239":{"start":{"line":240,"column":0},"end":{"line":240,"column":45}},"240":{"start":{"line":241,"column":0},"end":{"line":241,"column":0}},"241":{"start":{"line":242,"column":0},"end":{"line":242,"column":46}},"242":{"start":{"line":243,"column":0},"end":{"line":243,"column":0}},"243":{"start":{"line":244,"column":0},"end":{"line":244,"column":42}},"244":{"start":{"line":245,"column":0},"end":{"line":245,"column":44}},"245":{"start":{"line":246,"column":0},"end":{"line":246,"column":48}},"246":{"start":{"line":247,"column":0},"end":{"line":247,"column":3}},"247":{"start":{"line":248,"column":0},"end":{"line":248,"column":0}},"248":{"start":{"line":249,"column":0},"end":{"line":249,"column":37}},"249":{"start":{"line":250,"column":0},"end":{"line":250,"column":46}},"250":{"start":{"line":251,"column":0},"end":{"line":251,"column":61}},"251":{"start":{"line":252,"column":0},"end":{"line":252,"column":1}},"252":{"start":{"line":253,"column":0},"end":{"line":253,"column":0}},"253":{"start":{"line":254,"column":0},"end":{"line":254,"column":57}},"254":{"start":{"line":255,"column":0},"end":{"line":255,"column":70}},"255":{"start":{"line":256,"column":0},"end":{"line":256,"column":52}},"256":{"start":{"line":257,"column":0},"end":{"line":257,"column":1}},"257":{"start":{"line":258,"column":0},"end":{"line":258,"column":0}},"258":{"start":{"line":259,"column":0},"end":{"line":259,"column":78}},"259":{"start":{"line":260,"column":0},"end":{"line":260,"column":33}},"260":{"start":{"line":261,"column":0},"end":{"line":261,"column":32}},"261":{"start":{"line":262,"column":0},"end":{"line":262,"column":34}},"262":{"start":{"line":263,"column":0},"end":{"line":263,"column":34}},"263":{"start":{"line":264,"column":0},"end":{"line":264,"column":42}},"264":{"start":{"line":265,"column":0},"end":{"line":265,"column":3}},"265":{"start":{"line":266,"column":0},"end":{"line":266,"column":12}},"266":{"start":{"line":267,"column":0},"end":{"line":267,"column":1}},"267":{"start":{"line":268,"column":0},"end":{"line":268,"column":0}},"268":{"start":{"line":269,"column":0},"end":{"line":269,"column":53}},"269":{"start":{"line":270,"column":0},"end":{"line":270,"column":69}},"270":{"start":{"line":271,"column":0},"end":{"line":271,"column":0}},"271":{"start":{"line":272,"column":0},"end":{"line":272,"column":50}},"272":{"start":{"line":273,"column":0},"end":{"line":273,"column":9}},"273":{"start":{"line":274,"column":0},"end":{"line":274,"column":24}},"274":{"start":{"line":275,"column":0},"end":{"line":275,"column":6}},"275":{"start":{"line":276,"column":0},"end":{"line":276,"column":0}},"276":{"start":{"line":277,"column":0},"end":{"line":277,"column":36}},"277":{"start":{"line":278,"column":0},"end":{"line":278,"column":29}},"278":{"start":{"line":279,"column":0},"end":{"line":279,"column":27}},"279":{"start":{"line":280,"column":0},"end":{"line":280,"column":38}},"280":{"start":{"line":281,"column":0},"end":{"line":281,"column":36}},"281":{"start":{"line":282,"column":0},"end":{"line":282,"column":7}},"282":{"start":{"line":283,"column":0},"end":{"line":283,"column":4}},"283":{"start":{"line":284,"column":0},"end":{"line":284,"column":0}},"284":{"start":{"line":285,"column":0},"end":{"line":285,"column":58}},"285":{"start":{"line":286,"column":0},"end":{"line":286,"column":24}},"286":{"start":{"line":287,"column":0},"end":{"line":287,"column":15}},"287":{"start":{"line":288,"column":0},"end":{"line":288,"column":30}},"288":{"start":{"line":289,"column":0},"end":{"line":289,"column":20}},"289":{"start":{"line":290,"column":0},"end":{"line":290,"column":23}},"290":{"start":{"line":291,"column":0},"end":{"line":291,"column":7}},"291":{"start":{"line":292,"column":0},"end":{"line":292,"column":3}},"292":{"start":{"line":293,"column":0},"end":{"line":293,"column":0}},"293":{"start":{"line":294,"column":0},"end":{"line":294,"column":62}},"294":{"start":{"line":295,"column":0},"end":{"line":295,"column":0}},"295":{"start":{"line":296,"column":0},"end":{"line":296,"column":45}},"296":{"start":{"line":297,"column":0},"end":{"line":297,"column":32}},"297":{"start":{"line":298,"column":0},"end":{"line":298,"column":34}},"298":{"start":{"line":299,"column":0},"end":{"line":299,"column":0}},"299":{"start":{"line":300,"column":0},"end":{"line":300,"column":29}},"300":{"start":{"line":301,"column":0},"end":{"line":301,"column":54}},"301":{"start":{"line":302,"column":0},"end":{"line":302,"column":61}},"302":{"start":{"line":303,"column":0},"end":{"line":303,"column":47}},"303":{"start":{"line":304,"column":0},"end":{"line":304,"column":3}},"304":{"start":{"line":305,"column":0},"end":{"line":305,"column":0}},"305":{"start":{"line":306,"column":0},"end":{"line":306,"column":45}},"306":{"start":{"line":307,"column":0},"end":{"line":307,"column":26}},"307":{"start":{"line":308,"column":0},"end":{"line":308,"column":15}},"308":{"start":{"line":309,"column":0},"end":{"line":309,"column":30}},"309":{"start":{"line":310,"column":0},"end":{"line":310,"column":20}},"310":{"start":{"line":311,"column":0},"end":{"line":311,"column":24}},"311":{"start":{"line":312,"column":0},"end":{"line":312,"column":22}},"312":{"start":{"line":313,"column":0},"end":{"line":313,"column":20}},"313":{"start":{"line":314,"column":0},"end":{"line":314,"column":26}},"314":{"start":{"line":315,"column":0},"end":{"line":315,"column":25}},"315":{"start":{"line":316,"column":0},"end":{"line":316,"column":31}},"316":{"start":{"line":317,"column":0},"end":{"line":317,"column":40}},"317":{"start":{"line":318,"column":0},"end":{"line":318,"column":7}},"318":{"start":{"line":319,"column":0},"end":{"line":319,"column":3}},"319":{"start":{"line":320,"column":0},"end":{"line":320,"column":0}},"320":{"start":{"line":321,"column":0},"end":{"line":321,"column":33}},"321":{"start":{"line":322,"column":0},"end":{"line":322,"column":24}},"322":{"start":{"line":323,"column":0},"end":{"line":323,"column":15}},"323":{"start":{"line":324,"column":0},"end":{"line":324,"column":30}},"324":{"start":{"line":325,"column":0},"end":{"line":325,"column":20}},"325":{"start":{"line":326,"column":0},"end":{"line":326,"column":25}},"326":{"start":{"line":327,"column":0},"end":{"line":327,"column":22}},"327":{"start":{"line":328,"column":0},"end":{"line":328,"column":20}},"328":{"start":{"line":329,"column":0},"end":{"line":329,"column":23}},"329":{"start":{"line":330,"column":0},"end":{"line":330,"column":7}},"330":{"start":{"line":331,"column":0},"end":{"line":331,"column":3}},"331":{"start":{"line":332,"column":0},"end":{"line":332,"column":0}},"332":{"start":{"line":333,"column":0},"end":{"line":333,"column":85}},"333":{"start":{"line":334,"column":0},"end":{"line":334,"column":0}},"334":{"start":{"line":335,"column":0},"end":{"line":335,"column":10}},"335":{"start":{"line":336,"column":0},"end":{"line":336,"column":13}},"336":{"start":{"line":337,"column":0},"end":{"line":337,"column":28}},"337":{"start":{"line":338,"column":0},"end":{"line":338,"column":18}},"338":{"start":{"line":339,"column":0},"end":{"line":339,"column":22}},"339":{"start":{"line":340,"column":0},"end":{"line":340,"column":20}},"340":{"start":{"line":341,"column":0},"end":{"line":341,"column":18}},"341":{"start":{"line":342,"column":0},"end":{"line":342,"column":38}},"342":{"start":{"line":343,"column":0},"end":{"line":343,"column":24}},"343":{"start":{"line":344,"column":0},"end":{"line":344,"column":23}},"344":{"start":{"line":345,"column":0},"end":{"line":345,"column":35}},"345":{"start":{"line":346,"column":0},"end":{"line":346,"column":29}},"346":{"start":{"line":347,"column":0},"end":{"line":347,"column":38}},"347":{"start":{"line":348,"column":0},"end":{"line":348,"column":4}},"348":{"start":{"line":349,"column":0},"end":{"line":349,"column":1}},"349":{"start":{"line":350,"column":0},"end":{"line":350,"column":0}},"350":{"start":{"line":351,"column":0},"end":{"line":351,"column":93}},"351":{"start":{"line":352,"column":0},"end":{"line":352,"column":27}},"352":{"start":{"line":353,"column":0},"end":{"line":353,"column":32}},"353":{"start":{"line":354,"column":0},"end":{"line":354,"column":77}},"354":{"start":{"line":355,"column":0},"end":{"line":355,"column":66}},"355":{"start":{"line":356,"column":0},"end":{"line":356,"column":3}},"356":{"start":{"line":357,"column":0},"end":{"line":357,"column":55}},"357":{"start":{"line":358,"column":0},"end":{"line":358,"column":1}},"358":{"start":{"line":359,"column":0},"end":{"line":359,"column":0}},"359":{"start":{"line":360,"column":0},"end":{"line":360,"column":51}},"360":{"start":{"line":361,"column":0},"end":{"line":361,"column":10}},"361":{"start":{"line":362,"column":0},"end":{"line":362,"column":13}},"362":{"start":{"line":363,"column":0},"end":{"line":363,"column":21}},"363":{"start":{"line":364,"column":0},"end":{"line":364,"column":64}},"364":{"start":{"line":365,"column":0},"end":{"line":365,"column":4}},"365":{"start":{"line":366,"column":0},"end":{"line":366,"column":1}},"366":{"start":{"line":367,"column":0},"end":{"line":367,"column":0}},"367":{"start":{"line":368,"column":0},"end":{"line":368,"column":32}},"368":{"start":{"line":369,"column":0},"end":{"line":369,"column":21}},"369":{"start":{"line":370,"column":0},"end":{"line":370,"column":73}},"370":{"start":{"line":371,"column":0},"end":{"line":371,"column":15}},"371":{"start":{"line":372,"column":0},"end":{"line":372,"column":21}},"372":{"start":{"line":373,"column":0},"end":{"line":373,"column":21}},"373":{"start":{"line":374,"column":0},"end":{"line":374,"column":19}},"374":{"start":{"line":375,"column":0},"end":{"line":375,"column":20}},"375":{"start":{"line":376,"column":0},"end":{"line":376,"column":14}},"376":{"start":{"line":377,"column":0},"end":{"line":377,"column":79}},"377":{"start":{"line":378,"column":0},"end":{"line":378,"column":33}},"378":{"start":{"line":379,"column":0},"end":{"line":379,"column":0}},"379":{"start":{"line":380,"column":0},"end":{"line":380,"column":77}},"380":{"start":{"line":381,"column":0},"end":{"line":381,"column":36}},"381":{"start":{"line":382,"column":0},"end":{"line":382,"column":36}},"382":{"start":{"line":383,"column":0},"end":{"line":383,"column":0}},"383":{"start":{"line":384,"column":0},"end":{"line":384,"column":41}},"384":{"start":{"line":385,"column":0},"end":{"line":385,"column":41}},"385":{"start":{"line":386,"column":0},"end":{"line":386,"column":0}},"386":{"start":{"line":387,"column":0},"end":{"line":387,"column":66}},"387":{"start":{"line":388,"column":0},"end":{"line":388,"column":25}},"388":{"start":{"line":389,"column":0},"end":{"line":389,"column":27}},"389":{"start":{"line":390,"column":0},"end":{"line":390,"column":19}},"390":{"start":{"line":391,"column":0},"end":{"line":391,"column":24}},"391":{"start":{"line":392,"column":0},"end":{"line":392,"column":24}},"392":{"start":{"line":393,"column":0},"end":{"line":393,"column":30}},"393":{"start":{"line":394,"column":0},"end":{"line":394,"column":20}},"394":{"start":{"line":395,"column":0},"end":{"line":395,"column":6}},"395":{"start":{"line":396,"column":0},"end":{"line":396,"column":0}},"396":{"start":{"line":397,"column":0},"end":{"line":397,"column":16}},"397":{"start":{"line":398,"column":0},"end":{"line":398,"column":64}},"398":{"start":{"line":399,"column":0},"end":{"line":399,"column":37}},"399":{"start":{"line":400,"column":0},"end":{"line":400,"column":47}},"400":{"start":{"line":401,"column":0},"end":{"line":401,"column":47}},"401":{"start":{"line":402,"column":0},"end":{"line":402,"column":76}},"402":{"start":{"line":403,"column":0},"end":{"line":403,"column":0}},"403":{"start":{"line":404,"column":0},"end":{"line":404,"column":62}},"404":{"start":{"line":405,"column":0},"end":{"line":405,"column":37}},"405":{"start":{"line":406,"column":0},"end":{"line":406,"column":47}},"406":{"start":{"line":407,"column":0},"end":{"line":407,"column":47}},"407":{"start":{"line":408,"column":0},"end":{"line":408,"column":76}},"408":{"start":{"line":409,"column":0},"end":{"line":409,"column":0}},"409":{"start":{"line":410,"column":0},"end":{"line":410,"column":20}},"410":{"start":{"line":411,"column":0},"end":{"line":411,"column":27}},"411":{"start":{"line":412,"column":0},"end":{"line":412,"column":32}},"412":{"start":{"line":413,"column":0},"end":{"line":413,"column":33}},"413":{"start":{"line":414,"column":0},"end":{"line":414,"column":33}},"414":{"start":{"line":415,"column":0},"end":{"line":415,"column":27}},"415":{"start":{"line":416,"column":0},"end":{"line":416,"column":3}},"416":{"start":{"line":417,"column":0},"end":{"line":417,"column":0}},"417":{"start":{"line":418,"column":0},"end":{"line":418,"column":37}},"418":{"start":{"line":419,"column":0},"end":{"line":419,"column":0}},"419":{"start":{"line":420,"column":0},"end":{"line":420,"column":10}},"420":{"start":{"line":421,"column":0},"end":{"line":421,"column":15}},"421":{"start":{"line":422,"column":0},"end":{"line":422,"column":22}},"422":{"start":{"line":423,"column":0},"end":{"line":423,"column":25}},"423":{"start":{"line":424,"column":0},"end":{"line":424,"column":14}},"424":{"start":{"line":425,"column":0},"end":{"line":425,"column":19}},"425":{"start":{"line":426,"column":0},"end":{"line":426,"column":15}},"426":{"start":{"line":427,"column":0},"end":{"line":427,"column":31}},"427":{"start":{"line":428,"column":0},"end":{"line":428,"column":31}},"428":{"start":{"line":429,"column":0},"end":{"line":429,"column":35}},"429":{"start":{"line":430,"column":0},"end":{"line":430,"column":27}},"430":{"start":{"line":431,"column":0},"end":{"line":431,"column":30}},"431":{"start":{"line":432,"column":0},"end":{"line":432,"column":23}},"432":{"start":{"line":433,"column":0},"end":{"line":433,"column":13}},"433":{"start":{"line":434,"column":0},"end":{"line":434,"column":50}},"434":{"start":{"line":435,"column":0},"end":{"line":435,"column":13}},"435":{"start":{"line":436,"column":0},"end":{"line":436,"column":14}},"436":{"start":{"line":437,"column":0},"end":{"line":437,"column":87}},"437":{"start":{"line":438,"column":0},"end":{"line":438,"column":87}},"438":{"start":{"line":439,"column":0},"end":{"line":439,"column":6}},"439":{"start":{"line":440,"column":0},"end":{"line":440,"column":22}},"440":{"start":{"line":441,"column":0},"end":{"line":441,"column":14}},"441":{"start":{"line":442,"column":0},"end":{"line":442,"column":4}},"442":{"start":{"line":443,"column":0},"end":{"line":443,"column":1}}},"s":{"0":1,"1":1,"2":1,"3":1,"4":1,"5":1,"6":1,"7":1,"8":1,"9":1,"10":1,"11":1,"12":1,"13":1,"14":1,"15":1,"16":1,"17":1,"18":1,"19":1,"20":1,"21":1,"22":1,"23":1,"24":1,"25":1,"26":1,"27":1,"28":1,"29":1,"30":1,"31":1,"32":1,"33":1,"34":1,"35":1,"36":1,"37":1,"38":1,"39":1,"40":1,"41":1,
[...]
]},"45":{"type":"branch","line":239,"loc":{"start":{"line":239,"column":26},"end":{"line":240,"column":40}},"locations":[{"start":{"line":239,"column":26},"end":{"line":240,"column":40}}]},"46":{"type":"branch","line":240,"loc":{"start":{"line":240,"column":33},"end":{"line":240,"column":45}},"locations":[{"start":{"line":240,"column":33},"end":{"line":240,"column":45}}]},"47":{"type":"branch","line":240,"loc":{"start":{"line":240,"column":40},"end":{"line":247,"column":3}},"locations":[{"start":{"line":240,"column":40},"end":{"line":247,"column":3}}]},"48":{"type":"branch","line":247,"loc":{"start":{"line":247,"column":2},"end":{"line":251,"column":61}},"locations":[{"start":{"line":247,"column":2},"end":{"line":251,"column":61}}]},"49":{"type":"branch","line":236,"loc":{"start":{"line":236,"column":12},"end":{"line":236,"column":63}},"locations":[{"start":{"line":236,"column":12},"end":{"line":236,"column":63}}]},"50":{"type":"branch","line":237,"loc":{"start":{"line":237,"column":11},"end":{"line":237,"column":69}},"locations":[{"start":{"line":237,"column":11},"end":{"line":237,"column":69}}]},"51":{"type":"branch","line":254,"loc":{"start":{"line":254,"column":0},"end":{"line":257,"column":1}},"locations":[{"start":{"line":254,"column":0},"end":{"line":257,"column":1}}]},"52":{"type":"branch","line":259,"loc":{"start":{"line":259,"column":0},"end":{"line":267,"column":1}},"locations":[{"start":{"line":259,"column":0},"end":{"line":267,"column":1}}]},"53":{"type":"branch","line":265,"loc":{"start":{"line":265,"column":2},"end":{"line":267,"column":1}},"locations":[{"start":{"line":265,"column":2},"end":{"line":267,"column":1}}]},"54":{"type":"branch","line":269,"loc":{"start":{"line":269,"column":0},"end":{"line":349,"column":1}},"locations":[{"start":{"line":269,"column":0},"end":{"line":349,"column":1}}]},"55":{"type":"branch","line":285,"loc":{"start":{"line":285,"column":57},"end":{"line":292,"column":3}},"locations":[{"start":{"line":285,"column":57},"end":{"line":292,"column":3}}]},"56":{"type":"branch","line":292,"loc":{"start":{"line":292,"column":2},"end":{"line":300,"column":28}},"locations":[{"start":{"line":292,"column":2},"end":{"line":300,"column":28}}]},"57":{"type":"branch","line":300,"loc":{"start":{"line":300,"column":28},"end":{"line":304,"column":3}},"locations":[{"start":{"line":300,"column":28},"end":{"line":304,"column":3}}]},"58":{"type":"branch","line":302,"loc":{"start":{"line":302,"column":27},"end":{"line":302,"column":60}},"locations":[{"start":{"line":302,"column":27},"end":{"line":302,"column":60}}]},"59":{"type":"branch","line":304,"loc":{"start":{"line":304,"column":2},"end":{"line":306,"column":18}},"locations":[{"start":{"line":304,"column":2},"end":{"line":306,"column":18}}]},"60":{"type":"branch","line":306,"loc":{"start":{"line":306,"column":6},"end":{"line":306,"column":44}},"locations":[{"start":{"line":306,"column":6},"end":{"line":306,"column":44}}]},"61":{"type":"branch","line":306,"loc":{"start":{"line":306,"column":44},"end":{"line":319,"column":3}},"locations":[{"start":{"line":306,"column":44},"end":{"line":319,"column":3}}]},"62":{"type":"branch","line":319,"loc":{"start":{"line":319,"column":2},"end":{"line":321,"column":32}},"locations":[{"start":{"line":319,"column":2},"end":{"line":321,"column":32}}]},"63":{"type":"branch","line":321,"loc":{"start":{"line":321,"column":32},"end":{"line":331,"column":3}},"locations":[{"start":{"line":321,"column":32},"end":{"line":331,"column":3}}]},"64":{"type":"branch","line":331,"loc":{"start":{"line":331,"column":2},"end":{"line":349,"column":1}},"locations":[{"start":{"line":331,"column":2},"end":{"line":349,"column":1}}]},"65":{"type":"branch","line":270,"loc":{"start":{"line":270,"column":41},"end":{"line":270,"column":67}},"locations":[{"start":{"line":270,"column":41},"end":{"line":270,"column":67}}]},"66":{"type":"branch","line":272,"loc":{"start":{"line":272,"column":43},"end":{"line":275,"column":4}},"locations":[{"start":{"line":272,"column":43},"end":{"line":275,"column":4}}]},"67":{"type":"branch","line":278,"loc":{"start":{"line":278,"column":22},"end":{"line":282,"column":6}},"locations":[{"start":{"line":278,"column":22},"end":{"line":282,"column":6}}]},"68":{"type":"branch","line":294,"loc":{"start":{"line":294,"column":35},"end":{"line":294,"column":60}},"locations":[{"start":{"line":294,"column":35},"end":{"line":294,"column":60}}]},"69":{"type":"branch","line":351,"loc":{"start":{"line":351,"column":0},"end":{"line":358,"column":1}},"locations":[{"start":{"line":351,"column":0},"end":{"line":358,"column":1}}]},"70":{"type":"branch","line":356,"loc":{"start":{"line":356,"column":2},"end":{"line":358,"column":1}},"locations":[{"start":{"line":356,"column":2},"end":{"line":358,"column":1}}]},"71":{"type":"branch","line":354,"loc":{"start":{"line":354,"column":34},"end":{"line":354,"column":75}},"locations":[{"start":{"line":354,"column":34},"end":{"line":354,"column":75}}]},"72":{"type":"branch","line":360,"loc":{"start":{"line":360,"column":0},"end":{"line":366,"column":1}},"locations":[{"start":{"line":360,"column":0},"end":{"line":366,"column":1}}]},"73":{"type":"branch","line":364,"loc":{"start":{"line":364,"column":34},"end":{"line":364,"column":51}},"locations":[{"start":{"line":364,"column":34},"end":{"line":364,"column":51}}]},"74":{"type":"branch","line":364,"loc":{"start":{"line":364,"column":38},"end":{"line":364,"column":64}},"locations":[{"start":{"line":364,"column":38},"end":{"line":364,"column":64}}]},"75":{"type":"branch","line":368,"loc":{"start":{"line":368,"column":7},"end":{"line":443,"column":1}},"locations":[{"start":{"line":368,"column":7},"end":{"line":443,"column":1}}]},"76":{"type":"branch","line":402,"loc":{"start":{"line":402,"column":39},"end":{"line":402,"column":76}},"locations":[{"start":{"line":402,"column":39},"end":{"line":402,"column":76}}]},"77":{"type":"branch","line":408,"loc":{"start":{"line":408,"column":39},"end":{"line":408,"column":76}},"locations":[{"start":{"line":408,"column":39},"end":{"line":408,"column":76}}]},"78":{"type":"branch","line":412,"loc":{"start":{"line":412,"column":31},"end":{"line":416,"column":3}},"locations":[{"start":{"line":412,"column":31},"end":{"line":416,"column":3}}]},"79":{"type":"branch","line":377,"loc":{"start":{"line":377,"column":42},"end":{"line":377,"column":77}},"locations":[{"start":{"line":377,"column":42},"end":{"line":377,"column":77}}]},"80":{"type":"branch","line":380,"loc":{"start":{"line":380,"column":44},"end":{"line":380,"column":75}},"locations":[{"start":{"line":380,"column":44},"end":{"line":380,"column":75}}]},"81":{"type":"branch","line":387,"loc":{"start":{"line":387,"column":59},"end":{"line":395,"column":4}},"locations":[{"start":{"line":387,"column":59},"end":{"line":395,"column":4}}]}},"b":{"0":[4],"1":[0],"2":[7],"3":[14],"4":[18],"5":[36],"6":[3],"7":[0],"8":[1],"9":[2],"10":[0],"11":[2],"12":[1],"13":[0],"14":[2],"15":[10],"16":[0],"17":[0],"18":[2],"19":[1],"20":[0],"21":[2],"22":[0],"23":[2],"24":[0],"25":[1],"26":[0],"27":[1],"28":[3],"29":[2],"30":[1],"31":[18],"32":[20],"33":[9],"34":[2],"35":[7],"36":[2],"37":[5],"38":[0],"39":[5],"40":[18],"41":[16],"42":[7],"43":[1],"44":[6],"45":[3],"46":[0],"47":[3],"48":[0],"49":[12],"50":[9],"51":[5],"52":[5],"53":[0],"54":[5],"55":[1],"56":[4],"57":[2],"58":[1],"59":[4],"60":[3],"61":[3],"62":[1],"63":[0],"64":[1],"65":[10],"66":[10],"67":[10],"68":[7],"69":[1],"70":[0],"71":[2],"72":[3],"73":[1],"74":[2],"75":[15],"76":[0],"77":[0],"78":[31],"79":[16],"80":[15],"81":[31]},"fnMap":{"0":{"name":"nextStreet","decl":{"start":{"line":57,"column":0},"end":{"line":60,"column":1}},"loc":{"start":{"line":57,"column":0},"end":{"line":60,"column":1}},"line":57},"1":{"name":"activeNonAllIn","decl":{"start":{"line":62,"column":0},"end":{"line":64,"column":1}},"loc":{"start":{"line":62,"column":0},"end":{"line":64,"column":1}},"line":62},"2":{"name":"getMaxBet","decl":{"start":{"line":66,"column":0},"end":{"line":68,"column":1}},"loc":{"start":{"line":66,"column":0},"end":{"line":68,"column":1}},"line":66},"3":{"name":"legalActions","decl":{"start":{"line":70,"column":7},"end":{"line":106,"column":1}},"loc":{"start":{"line":70,"column":7},"end":{"line":106,"column":1}},"line":70},"4":{"name":"applyAction","decl":{"start":{"line":108,"column":7},"end":{"line":209,"column":1}},"loc":{"start":{"line":108,"column":7},"end":{"line":209,"column":1}},"line":108},"5":{"name":"advanceTurn","decl":{"start":{"line":211,"column":0},"end":{"line":228,"column":1}},"loc":{"start":{"line":211,"column":0},"end":{"line":228,"column":1}},"line":211},"6":{"name":"isStreetComplete","decl":{"start":{"line":230,"column":0},"end":{"line":252,"column":1}},"loc":{"start":{"line":230,"column":0},"end":{"line":252,"column":1}},"line":230},"7":{"name":"findNextActivePlayer","decl":{"start":{"line":254,"column":0},"end":{"line":257,"column":1}},"loc":{"start":{"line":254,"column":0},"end":{"line":257,"column":1}},"line":254},"8":{"name":"findNextActivePlayerFrom","decl":{"start":{"line":259,"column":0},"end":{"line":267,"column":1}},"loc":{"start":{"line":259,"column":0},"end":{"line":267,"column":1}},"line":259},"9":{"name":"advanceStreet","decl":{"start":{"line":269,"column":0},"end":{"line":349,"column":1}},"loc":{"start":{"line":269,"column":0},"end":{"line":349,"column":1}},"line":269},"10":{"name":"findFirstActiveAfterDealer","decl":{"start":{"line":351,"column":0},"end":{"line":358,"column":1}},"loc":{"start":{"line":351,"column":0},"end":{"line":358,"column":1}},"line":351},"11":{"name":"collectPots","decl":{"start":{"line":360,"column":0},"end":{"line":366,"column":1}},"loc":{"start":{"line":360,"column":0},"end":{"line":366,"column":1}},"line":360},"12":{"name":"createHandState","decl":{"start":{"line":368,"column":7},"end":{"line":443,"column":1}},"loc":{"start":{"line":368,"column":7},"end":{"line":443,"column":1}},"line":368}},"f":{"0":4,"1":7,"2":18,"3":3,"4":10,"5":9,"6":7,"7":5,"8":5,"9":5,"10":1,"11":3,"12":15}}
,"/Users/zhashuo/Projects/PokerGame/packages/engine/src/index.ts": {"path":"/Users/zhashuo/Projects/PokerGame/packages/engine/src/index.ts","all":true,"statementMap":{"0":{"start":{"line":1,"column":0},"end":{"line":1,"column":26}},"1":{"start":{"line":2,"column":0},"end":{"line":2,"column":31}},"2":{"start":{"line":3,"column":0},"end":{"line":3,"column":30}},"3":{"start":{"line":4,"column":0},"end":{"line":4,"column":31}}},"s":{"0":0,"1":0,"2":0,"3":0},"branchMap":{"0":{"type":"branch","line":1,"loc":{"start":{"line":1,"column":121},"end":{"line":4,"column":31}},"locations":[{"start":{"line":1,"column":121},"end":{"line":4,"column":31}}]}},"b":{"0":[0]},"fnMap":{"0":{"name":"(empty-report)","decl":{"start":{"line":1,"column":121},"end":{"line":4,"column":31}},"loc":{"start":{"line":1,"column":121},"end":{"line":4,"column":31}},"line":1}},"f":{"0":0}}
,"/Users/zhashuo/Projects/PokerGame/packages/engine/src/sidepots.ts": {"path":"/Users/zhashuo/Projects/PokerGame/packages/engine/src/sidepots.ts","all":false,"statementMap":{"0":{"start":{"line":1,"column":0},"end":{"line":1,"column":37}},"1":{"start":{"line":2,"column":0},"end":{"line":2,"column":19}},"2":{"start":{"line":3,"column":0},"end":{"line":3,"column":22}},"3":{"start":{"line":4,"column":0},"end":{"line":4,"column":18}},"4":{"start":{"line":5,"column":0},"end":{"line":5,"column":1}},"5":{"start":{"line":6,"column":0},"end":{"line":6,"column":0}},"6":{"start":{"line":7,"column":0},"end":{"line":7,"column":22}},"7":{"start":{"line":8,"column":0},"end":{"line":8,"column":17}},"8":{"start":{"line":9,"column":0},"end":{"line":9,"column":30}},"9":{"start":{"line":10,"column":0},"end":{"line":10,"column":1}},"10":{"start":{"line":11,"column":0},"end":{"line":11,"column":0}},"11":{"start":{"line":12,"column":0},"end":{"line":12,"column":79}},"12":{"start":{"line":13,"column":0},"end":{"line":13,"column":44}},"13":{"start":{"line":14,"column":0},"end":{"line":14,"column":0}},"14":{"start":{"line":15,"column":0},"end":{"line":15,"column":82}},"15":{"start":{"line":16,"column":0},"end":{"line":16,"column":0}},"16":{"start":{"line":17,"column":0},"end":{"line":17,"column":25}},"17":{"start":{"line":18,"column":0},"end":{"line":18,"column":20}},"18":{"start":{"line":19,"column":0},"end":{"line":19,"column":0}},"19":{"start":{"line":20,"column":0},"end":{"line":20,"column":43}},"20":{"start":{"line":21,"column":0},"end":{"line":21,"column":41}},"21":{"start":{"line":22,"column":0},"end":{"line":22,"column":37}},"22":{"start":{"line":23,"column":0},"end":{"line":23,"column":0}},"23":{"start":{"line":24,"column":0},"end":{"line":24,"column":40}},"24":{"start":{"line":25,"column":0},"end":{"line":25,"column":22}},"25":{"start":{"line":26,"column":0},"end":{"line":26,"column":34}},"26":{"start":{"line":27,"column":0},"end":{"line":27,"column":0}},"27":{"start":{"line":28,"column":0},"end":{"line":28,"column":41}},"28":{"start":{"line":29,"column":0},"end":{"line":29,"column":79}},"29":{"start":{"line":30,"column":0},"end":{"line":30,"column":33}},"30":{"start":{"line":31,"column":0},"end":{"line":31,"column":38}},"31":{"start":{"line":32,"column":0},"end":{"line":32,"column":7}},"32":{"start":{"line":33,"column":0},"end":{"line":33,"column":58}},"33":{"start":{"line":34,"column":0},"end":{"line":34,"column":39}},"34":{"start":{"line":35,"column":0},"end":{"line":35,"column":7}},"35":{"start":{"line":36,"column":0},"end":{"line":36,"column":5}},"36":{"start":{"line":37,"column":0},"end":{"line":37,"column":0}},"37":{"start":{"line":38,"column":0},"end":{"line":38,"column":24}},"38":{"start":{"line":39,"column":0},"end":{"line":39,"column":68}},"39":{"start":{"line":40,"column":0},"end":{"line":40,"column":5}},"40":{"start":{"line":41,"column":0},"end":{"line":41,"column":0}},"41":{"start":{"line":42,"column":0},"end":{"line":42,"column":22}},"42":{"start":{"line":43,"column":0},"end":{"line":43,"column":0}},"43":{"start":{"line":44,"column":0},"end":{"line":44,"column":19}},"44":{"start":{"line":45,"column":0},"end":{"line":45,"column":3}},"45":{"start":{"line":46,"column":0},"end":{"line":46,"column":0}},"46":{"start":{"line":47,"column":0},"end":{"line":47,"column":25}},"47":{"start":{"line":48,"column":0},"end":{"line":48,"column":1}},"48":{"start":{"line":49,"column":0},"end":{"line":49,"column":0}},"49":{"start":{"line":50,"column":0},"end":{"line":50,"column":40}},"50":{"start":{"line":51,"column":0},"end":{"line":51,"column":27}},"51":{"start":{"line":52,"column":0},"end":{"line":52,"column":0}},"52":{"start":{"line":53,"column":0},"end":{"line":53,"column":27}},"53":{"start":{"line":54,"column":0},"end":{"line":54,"column":37}},"54":{"start":{"line":55,"column":0},"end":{"line":55,"column":68}},"55":{"start":{"line":56,"column":0},"end":{"line":56,"column":73}},"56":{"start":{"line":57,"column":0},"end":{"line":57,"column":6}},"57":{"start":{"line":58,"column":0},"end":{"line":58,"column":19}},"58":{"start":{"line":59,"column":0},"end":{"line":59,"column":36}},"59":{"start":{"line":60,"column":0},"end":{"line":60,"column":12}},"60":{"start":{"line":61,"column":0},"end":{"line":61,"column":77}},"61":{"start":{"line":62,"column":0},"end":{"line":62,"column":5}},"62":{"start":{"line":63,"column":0},"end":{"line":63,"column":3}},"63":{"start":{"line":64,"column":0},"end":{"line":64,"column":0}},"64":{"start":{"line":65,"column":0},"end":{"line":65,"column":16}},"65":{"start":{"line":66,"column":0},"end":{"line":66,"column":1}}},"s":{"0":1,"1":1,"2":1,"3":1,"4":1,"5":1,"6":1,"7":1,"8":1,"9":1,"10":1,"11":1,"12":14,"13":13,"14":13,"15":13,"16":13,"17":13,"18":13,"19":14,"20":31,"21":31,"22":19,"23":19,"24":19,"25":19,"26":19,"27":31,"28":50,"29":50,"30":42,"31":42,"32":50,"33":36,"34":36,"35":50,"36":19,"37":19,"38":19,"39":19,"40":19,"41":19,"42":19,"43":19,"44":19,"45":13,"46":13,"47":13,"48":1,"49":13,"50":13,"51":13,"52":13,"53":19,"54":8,"55":0,"56":19,"57":19,"58":0,"59":19,"60":19,"61":19,"62":19,"63":13,"64":13,"65":13},"branchMap":{"0":{"type":"branch","line":12,"loc":{"start":{"line":12,"column":7},"end":{"line":48,"column":1}},"locations":[{"start":{"line":12,"column":7},"end":{"line":48,"column":1}}]},"1":{"type":"branch","line":13,"loc":{"start":{"line":13,"column":34},"end":{"line":13,"column":44}},"locations":[{"start":{"line":13,"column":34},"end":{"line":13,"column":44}}]},"2":{"type":"branch","line":13,"loc":{"start":{"line":13,"column":42},"end":{"line":20,"column":42}},"locations":[{"start":{"line":13,"column":42},"end":{"line":20,"column":42}}]},"3":{"type":"branch","line":20,"loc":{"start":{"line":20,"column":42},"end":{"line":45,"column":3}},"locations":[{"start":{"line":20,"column":42},"end":{"line":45,"column":3}}]},"4":{"type":"branch","line":22,"loc":{"start":{"line":22,"column":28},"end":{"line":28,"column":40}},"locations":[{"start":{"line":22,"column":28},"end":{"line":28,"column":40}}]},"5":{"type":"branch","line":22,"loc":{"start":{"line":22,"column":28},"end":{"line":22,"column":37}},"locations":[{"start":{"line":22,"column":28},"end":{"line":22,"column":37}}]},"6":{"type":"branch","line":22,"loc":{"start":{"line":22,"column":28},"end":{"line":28,"column":40}},"locations":[{"start":{"line":22,"column":28},"end":{"line":28,"column":40}}]},"7":{"type":"branch","line":28,"loc":{"start":{"line":28,"column":40},"end":{"line":36,"column":5}},"locations":[{"start":{"line":28,"column":40},"end":{"line":36,"column":5}}]},"8":{"type":"branch","line":30,"loc":{"start":{"line":30,"column":32},"end":{"line":32,"column":7}},"locations":[{"start":{"line":30,"column":32},"end":{"line":32,"column":7}}]},"9":{"type":"branch","line":33,"loc":{"start":{"line":33,"column":18},"end":{"line":33,"column":57}},"locations":[{"start":{"line":33,"column":18},"end":{"line":33,"column":57}}]},"10":{"type":"branch","line":33,"loc":{"start":{"line":33,"column":57},"end":{"line":35,"column":7}},"locations":[{"start":{"line":33,"column":57},"end":{"line":35,"column":7}}]},"11":{"type":"branch","line":36,"loc":{"start":{"line":36,"column":4},"end":{"line":45,"column":3}},"locations":[{"start":{"line":36,"column":4},"end":{"line":45,"column":3}}]},"12":{"type":"branch","line":45,"loc":{"start":{"line":45,"column":2},"end":{"line":48,"column":1}},"locations":[{"start":{"line":45,"column":2},"end":{"line":48,"column":1}}]},"13":{"type":"branch","line":15,"loc":{"start":{"line":15,"column":41},"end":{"line":15,"column":80}},"locations":[{"start":{"line":15,"column":41},"end":{"line":15,"column":80}}]},"14":{"type":"branch","line":50,"loc":{"start":{"line":50,"column":0},"end":{"line":66,"column":1}},"locations":[{"start":{"line":50,"column":0},"end":{"line":66,"column":1}}]},"15":{"type":"branch","line":53,"loc":{"start":{"line":53,"column":26},"end":{"line":63,"column":3}},"locations":[{"start":{"line":53,"column":26},"end":{"line":63,"column":3}}]},"16":{"type":"branch","line":58,"loc":{"start":{"line":58,"column":18},"end":{"line":60,"column":11}},"locations":[{"start":{"line":58,"column":18},"end":{"line":60,"column":11}}]},"17":{"type":"branch","line":54,"loc":{"start":{"line":54,"column":33},"end":{"line":56,"column":73}},"locations":[{"start":{"line":54,"column":33},"end":{"line":56,"column":73}}]},"18":{"type":"branch","line":55,"loc":{"start":{"line":55,"column":59},"end":{"line":56,"column":73}},"locations":[{"start":{"line":55,"column":59},"end":{"line":56,"column":73}}]}},"b":{"0":[14],"1":[1],"2":[13],"3":[31],"4":[26],"5":[12],"6":[19],"7":[50],"8":[42],"9":[44],"10":[36],"11":[19],"12":[13],"13":[22],"14":[13],"15":[19],"16":[0],"17":[8],"18":[0]},"fnMap":{"0":{"name":"calculateSidePots","decl":{"start":{"line":12,"column":7},"end":{"line":48,"column":1}},"loc":{"start":{"line":12,"column":7},"end":{"line":48,"column":1}},"line":12},"1":{"name":"mergePots","decl":{"start":{"line":50,"column":0},"end":{"line":66,"column":1}},"loc":{"start":{"line":50,"column":0},"end":{"line":66,"column":1}},"line":50}},"f":{"0":14,"1":13}}
}
